mode: set
github.com/poyrazK/cloudDNS/internal/adapters/routing/gobgp.go:31.57,32.19 1 1
github.com/poyrazK/cloudDNS/internal/adapters/routing/gobgp.go:32.19,34.3 1 1
github.com/poyrazK/cloudDNS/internal/adapters/routing/gobgp.go:35.2,38.3 1 1
github.com/poyrazK/cloudDNS/internal/adapters/routing/gobgp.go:42.98,54.81 4 1
github.com/poyrazK/cloudDNS/internal/adapters/routing/gobgp.go:54.81,56.3 1 1
github.com/poyrazK/cloudDNS/internal/adapters/routing/gobgp.go:58.2,58.12 1 1
github.com/poyrazK/cloudDNS/internal/adapters/routing/gobgp.go:62.72,63.24 1 1
github.com/poyrazK/cloudDNS/internal/adapters/routing/gobgp.go:63.24,65.3 1 0
github.com/poyrazK/cloudDNS/internal/adapters/routing/gobgp.go:67.2,86.84 5 1
github.com/poyrazK/cloudDNS/internal/adapters/routing/gobgp.go:86.84,88.3 1 1
github.com/poyrazK/cloudDNS/internal/adapters/routing/gobgp.go:90.2,90.12 1 1
github.com/poyrazK/cloudDNS/internal/adapters/routing/gobgp.go:94.72,95.24 1 1
github.com/poyrazK/cloudDNS/internal/adapters/routing/gobgp.go:95.24,97.3 1 0
github.com/poyrazK/cloudDNS/internal/adapters/routing/gobgp.go:99.2,111.87 4 1
github.com/poyrazK/cloudDNS/internal/adapters/routing/gobgp.go:111.87,113.3 1 1
github.com/poyrazK/cloudDNS/internal/adapters/routing/gobgp.go:115.2,115.12 1 1
github.com/poyrazK/cloudDNS/internal/adapters/routing/gobgp.go:119.37,120.24 1 1
github.com/poyrazK/cloudDNS/internal/adapters/routing/gobgp.go:120.24,122.3 1 1
github.com/poyrazK/cloudDNS/internal/adapters/routing/gobgp.go:123.2,123.12 1 1
github.com/poyrazK/cloudDNS/internal/adapters/routing/system_vip.go:20.65,21.19 1 1
github.com/poyrazK/cloudDNS/internal/adapters/routing/system_vip.go:21.19,23.3 1 1
github.com/poyrazK/cloudDNS/internal/adapters/routing/system_vip.go:24.2,24.42 1 1
github.com/poyrazK/cloudDNS/internal/adapters/routing/system_vip.go:28.79,30.22 2 1
github.com/poyrazK/cloudDNS/internal/adapters/routing/system_vip.go:31.15,34.79 1 0
github.com/poyrazK/cloudDNS/internal/adapters/routing/system_vip.go:35.16,38.85 1 1
github.com/poyrazK/cloudDNS/internal/adapters/routing/system_vip.go:39.10,40.75 1 0
github.com/poyrazK/cloudDNS/internal/adapters/routing/system_vip.go:43.2,43.34 1 1
github.com/poyrazK/cloudDNS/internal/adapters/routing/system_vip.go:43.34,46.3 1 1
github.com/poyrazK/cloudDNS/internal/adapters/routing/system_vip.go:46.8,48.3 1 0
github.com/poyrazK/cloudDNS/internal/adapters/routing/system_vip.go:49.2,49.12 1 1
github.com/poyrazK/cloudDNS/internal/adapters/routing/system_vip.go:53.81,55.22 2 1
github.com/poyrazK/cloudDNS/internal/adapters/routing/system_vip.go:56.15,58.79 1 0
github.com/poyrazK/cloudDNS/internal/adapters/routing/system_vip.go:59.16,61.67 1 1
github.com/poyrazK/cloudDNS/internal/adapters/routing/system_vip.go:62.10,63.33 1 0
github.com/poyrazK/cloudDNS/internal/adapters/routing/system_vip.go:66.2,66.34 1 1
github.com/poyrazK/cloudDNS/internal/adapters/routing/system_vip.go:66.34,68.3 1 1
github.com/poyrazK/cloudDNS/internal/adapters/routing/system_vip.go:68.8,70.3 1 0
github.com/poyrazK/cloudDNS/internal/adapters/routing/system_vip.go:71.2,71.12 1 1
github.com/poyrazK/cloudDNS/internal/adapters/routing/system_vip.go:74.56,76.2 1 1
