mode: set
github.com/poyrazK/cloudDNS/internal/adapters/api/handler.go:18.54,20.2 1 1
github.com/poyrazK/cloudDNS/internal/adapters/api/handler.go:23.57,32.2 8 1
github.com/poyrazK/cloudDNS/internal/adapters/api/handler.go:35.74,40.32 4 1
github.com/poyrazK/cloudDNS/internal/adapters/api/handler.go:40.32,41.17 1 1
github.com/poyrazK/cloudDNS/internal/adapters/api/handler.go:41.17,44.4 2 1
github.com/poyrazK/cloudDNS/internal/adapters/api/handler.go:44.9,46.4 1 1
github.com/poyrazK/cloudDNS/internal/adapters/api/handler.go:49.2,55.26 3 1
github.com/poyrazK/cloudDNS/internal/adapters/api/handler.go:55.26,57.3 1 1
github.com/poyrazK/cloudDNS/internal/adapters/api/handler.go:57.8,59.3 1 1
github.com/poyrazK/cloudDNS/internal/adapters/api/handler.go:61.2,61.56 1 1
github.com/poyrazK/cloudDNS/internal/adapters/api/handler.go:61.56,63.3 1 0
github.com/poyrazK/cloudDNS/internal/adapters/api/handler.go:67.76,69.20 2 1
github.com/poyrazK/cloudDNS/internal/adapters/api/handler.go:69.20,71.3 1 0
github.com/poyrazK/cloudDNS/internal/adapters/api/handler.go:73.2,74.16 2 1
github.com/poyrazK/cloudDNS/internal/adapters/api/handler.go:74.16,77.3 2 0
github.com/poyrazK/cloudDNS/internal/adapters/api/handler.go:79.2,80.56 2 1
github.com/poyrazK/cloudDNS/internal/adapters/api/handler.go:80.56,82.3 1 0
github.com/poyrazK/cloudDNS/internal/adapters/api/handler.go:85.73,87.62 2 1
github.com/poyrazK/cloudDNS/internal/adapters/api/handler.go:87.62,90.3 2 1
github.com/poyrazK/cloudDNS/internal/adapters/api/handler.go:92.2,92.59 1 1
github.com/poyrazK/cloudDNS/internal/adapters/api/handler.go:92.59,95.3 2 1
github.com/poyrazK/cloudDNS/internal/adapters/api/handler.go:98.2,98.25 1 1
github.com/poyrazK/cloudDNS/internal/adapters/api/handler.go:98.25,100.3 1 1
github.com/poyrazK/cloudDNS/internal/adapters/api/handler.go:102.2,102.61 1 1
github.com/poyrazK/cloudDNS/internal/adapters/api/handler.go:102.61,105.3 2 1
github.com/poyrazK/cloudDNS/internal/adapters/api/handler.go:107.2,109.56 3 1
github.com/poyrazK/cloudDNS/internal/adapters/api/handler.go:109.56,111.3 1 0
github.com/poyrazK/cloudDNS/internal/adapters/api/handler.go:114.72,116.20 2 1
github.com/poyrazK/cloudDNS/internal/adapters/api/handler.go:116.20,118.3 1 1
github.com/poyrazK/cloudDNS/internal/adapters/api/handler.go:120.2,121.16 2 1
github.com/poyrazK/cloudDNS/internal/adapters/api/handler.go:121.16,124.3 2 1
github.com/poyrazK/cloudDNS/internal/adapters/api/handler.go:126.2,127.57 2 1
github.com/poyrazK/cloudDNS/internal/adapters/api/handler.go:127.57,129.3 1 0
github.com/poyrazK/cloudDNS/internal/adapters/api/handler.go:132.81,136.16 3 1
github.com/poyrazK/cloudDNS/internal/adapters/api/handler.go:136.16,139.3 2 1
github.com/poyrazK/cloudDNS/internal/adapters/api/handler.go:141.2,142.59 2 1
github.com/poyrazK/cloudDNS/internal/adapters/api/handler.go:142.59,144.3 1 0
github.com/poyrazK/cloudDNS/internal/adapters/api/handler.go:147.75,150.64 3 1
github.com/poyrazK/cloudDNS/internal/adapters/api/handler.go:150.64,153.3 2 1
github.com/poyrazK/cloudDNS/internal/adapters/api/handler.go:155.2,155.35 1 1
github.com/poyrazK/cloudDNS/internal/adapters/api/handler.go:155.35,156.111 1 0
github.com/poyrazK/cloudDNS/internal/adapters/api/handler.go:156.111,159.4 2 0
github.com/poyrazK/cloudDNS/internal/adapters/api/handler.go:162.2,164.65 2 1
github.com/poyrazK/cloudDNS/internal/adapters/api/handler.go:164.65,167.3 2 1
github.com/poyrazK/cloudDNS/internal/adapters/api/handler.go:169.2,171.58 3 0
github.com/poyrazK/cloudDNS/internal/adapters/api/handler.go:171.58,173.3 1 0
github.com/poyrazK/cloudDNS/internal/adapters/api/handler.go:176.73,179.20 3 1
github.com/poyrazK/cloudDNS/internal/adapters/api/handler.go:179.20,181.3 1 1
github.com/poyrazK/cloudDNS/internal/adapters/api/handler.go:183.2,183.68 1 1
github.com/poyrazK/cloudDNS/internal/adapters/api/handler.go:183.68,186.3 2 1
github.com/poyrazK/cloudDNS/internal/adapters/api/handler.go:188.2,188.37 1 0
github.com/poyrazK/cloudDNS/internal/adapters/api/handler.go:191.75,195.68 3 1
github.com/poyrazK/cloudDNS/internal/adapters/api/handler.go:195.68,198.3 2 1
github.com/poyrazK/cloudDNS/internal/adapters/api/handler.go:200.2,200.37 1 0
github.com/poyrazK/cloudDNS/internal/core/domain/validation.go:13.42,14.16 1 1
github.com/poyrazK/cloudDNS/internal/core/domain/validation.go:14.16,16.3 1 1
github.com/poyrazK/cloudDNS/internal/core/domain/validation.go:17.2,17.17 1 1
github.com/poyrazK/cloudDNS/internal/core/domain/validation.go:17.17,19.3 1 1
github.com/poyrazK/cloudDNS/internal/core/domain/validation.go:20.2,20.35 1 1
github.com/poyrazK/cloudDNS/internal/core/domain/validation.go:20.35,22.3 1 1
github.com/poyrazK/cloudDNS/internal/core/domain/validation.go:23.2,23.21 1 1
github.com/poyrazK/cloudDNS/internal/core/domain/validation.go:23.21,25.3 1 0
github.com/poyrazK/cloudDNS/internal/core/domain/validation.go:28.2,29.31 2 1
github.com/poyrazK/cloudDNS/internal/core/domain/validation.go:29.31,30.22 1 1
github.com/poyrazK/cloudDNS/internal/core/domain/validation.go:30.22,32.4 1 1
github.com/poyrazK/cloudDNS/internal/core/domain/validation.go:33.3,33.18 1 1
github.com/poyrazK/cloudDNS/internal/core/domain/validation.go:33.18,35.4 1 0
github.com/poyrazK/cloudDNS/internal/core/domain/validation.go:36.3,36.42 1 1
github.com/poyrazK/cloudDNS/internal/core/domain/validation.go:36.42,38.4 1 1
github.com/poyrazK/cloudDNS/internal/core/domain/validation.go:40.2,40.12 1 1
github.com/poyrazK/cloudDNS/internal/core/domain/validation.go:45.47,47.21 2 1
github.com/poyrazK/cloudDNS/internal/core/domain/validation.go:47.21,49.3 1 1
github.com/poyrazK/cloudDNS/internal/core/domain/validation.go:51.2,51.62 1 1
github.com/poyrazK/cloudDNS/internal/core/domain/validation.go:51.62,53.43 2 1
github.com/poyrazK/cloudDNS/internal/core/domain/validation.go:53.43,55.4 1 1
github.com/poyrazK/cloudDNS/internal/core/domain/validation.go:58.2,59.37 2 1
github.com/poyrazK/cloudDNS/internal/core/domain/validation.go:59.37,61.3 1 1
github.com/poyrazK/cloudDNS/internal/core/domain/validation.go:63.2,63.12 1 1
github.com/poyrazK/cloudDNS/internal/core/domain/validation.go:67.74,68.53 1 1
github.com/poyrazK/cloudDNS/internal/core/domain/validation.go:68.53,70.3 1 1
github.com/poyrazK/cloudDNS/internal/core/domain/validation.go:71.2,71.40 1 1
github.com/poyrazK/cloudDNS/internal/core/domain/validation.go:71.40,73.3 1 1
github.com/poyrazK/cloudDNS/internal/core/domain/validation.go:74.2,74.36 1 1
github.com/poyrazK/cloudDNS/internal/core/domain/validation.go:74.36,76.3 1 0
github.com/poyrazK/cloudDNS/internal/core/domain/validation.go:77.2,77.32 1 1
github.com/poyrazK/cloudDNS/internal/core/domain/validation.go:77.32,79.3 1 0
github.com/poyrazK/cloudDNS/internal/core/domain/validation.go:80.2,80.37 1 1
github.com/poyrazK/cloudDNS/internal/core/domain/validation.go:80.37,82.3 1 1
github.com/poyrazK/cloudDNS/internal/core/domain/validation.go:83.2,83.12 1 1
github.com/poyrazK/cloudDNS/internal/core/services/anycast_manager.go:30.19,31.19 1 1
github.com/poyrazK/cloudDNS/internal/core/services/anycast_manager.go:31.19,33.3 1 1
github.com/poyrazK/cloudDNS/internal/core/services/anycast_manager.go:34.2,41.3 1 1
github.com/poyrazK/cloudDNS/internal/core/services/anycast_manager.go:44.53,53.6 5 1
github.com/poyrazK/cloudDNS/internal/core/services/anycast_manager.go:53.6,54.10 1 1
github.com/poyrazK/cloudDNS/internal/core/services/anycast_manager.go:55.21,57.74 2 1
github.com/poyrazK/cloudDNS/internal/core/services/anycast_manager.go:57.74,59.5 1 0
github.com/poyrazK/cloudDNS/internal/core/services/anycast_manager.go:60.4,60.10 1 1
github.com/poyrazK/cloudDNS/internal/core/services/anycast_manager.go:61.19,62.23 1 0
github.com/poyrazK/cloudDNS/internal/core/services/anycast_manager.go:68.60,72.35 3 1
github.com/poyrazK/cloudDNS/internal/core/services/anycast_manager.go:72.35,73.17 1 1
github.com/poyrazK/cloudDNS/internal/core/services/anycast_manager.go:73.17,76.4 2 1
github.com/poyrazK/cloudDNS/internal/core/services/anycast_manager.go:79.2,80.27 2 1
github.com/poyrazK/cloudDNS/internal/core/services/anycast_manager.go:80.27,82.3 1 1
github.com/poyrazK/cloudDNS/internal/core/services/anycast_manager.go:82.8,82.34 1 1
github.com/poyrazK/cloudDNS/internal/core/services/anycast_manager.go:82.34,84.3 1 1
github.com/poyrazK/cloudDNS/internal/core/services/anycast_manager.go:87.56,91.24 2 1
github.com/poyrazK/cloudDNS/internal/core/services/anycast_manager.go:91.24,92.64 1 1
github.com/poyrazK/cloudDNS/internal/core/services/anycast_manager.go:92.64,95.4 2 1
github.com/poyrazK/cloudDNS/internal/core/services/anycast_manager.go:96.3,96.25 1 1
github.com/poyrazK/cloudDNS/internal/core/services/anycast_manager.go:100.2,100.55 1 1
github.com/poyrazK/cloudDNS/internal/core/services/anycast_manager.go:100.55,103.3 2 1
github.com/poyrazK/cloudDNS/internal/core/services/anycast_manager.go:105.2,105.27 1 1
github.com/poyrazK/cloudDNS/internal/core/services/anycast_manager.go:108.56,111.55 2 1
github.com/poyrazK/cloudDNS/internal/core/services/anycast_manager.go:111.55,114.3 2 0
github.com/poyrazK/cloudDNS/internal/core/services/anycast_manager.go:116.2,116.28 1 1
github.com/poyrazK/cloudDNS/internal/core/services/dns_service.go:23.93,29.2 1 1
github.com/poyrazK/cloudDNS/internal/core/services/dns_service.go:31.79,37.40 4 1
github.com/poyrazK/cloudDNS/internal/core/services/dns_service.go:37.40,39.3 1 1
github.com/poyrazK/cloudDNS/internal/core/services/dns_service.go:42.2,68.104 4 1
github.com/poyrazK/cloudDNS/internal/core/services/dns_service.go:68.104,70.3 1 1
github.com/poyrazK/cloudDNS/internal/core/services/dns_service.go:73.2,74.12 2 1
github.com/poyrazK/cloudDNS/internal/core/services/dns_service.go:77.85,82.21 4 1
github.com/poyrazK/cloudDNS/internal/core/services/dns_service.go:82.21,84.3 1 1
github.com/poyrazK/cloudDNS/internal/core/services/dns_service.go:86.2,86.57 1 1
github.com/poyrazK/cloudDNS/internal/core/services/dns_service.go:86.57,88.3 1 1
github.com/poyrazK/cloudDNS/internal/core/services/dns_service.go:91.2,91.20 1 1
github.com/poyrazK/cloudDNS/internal/core/services/dns_service.go:91.20,92.75 1 0
github.com/poyrazK/cloudDNS/internal/core/services/dns_service.go:92.75,94.4 1 0
github.com/poyrazK/cloudDNS/internal/core/services/dns_service.go:97.2,98.12 2 1
github.com/poyrazK/cloudDNS/internal/core/services/dns_service.go:101.99,112.2 2 1
github.com/poyrazK/cloudDNS/internal/core/services/dns_service.go:114.131,117.16 2 1
github.com/poyrazK/cloudDNS/internal/core/services/dns_service.go:117.16,119.3 1 1
github.com/poyrazK/cloudDNS/internal/core/services/dns_service.go:120.2,120.22 1 1
github.com/poyrazK/cloudDNS/internal/core/services/dns_service.go:120.22,122.3 1 0
github.com/poyrazK/cloudDNS/internal/core/services/dns_service.go:127.2,128.37 2 1
github.com/poyrazK/cloudDNS/internal/core/services/dns_service.go:128.37,132.17 3 1
github.com/poyrazK/cloudDNS/internal/core/services/dns_service.go:132.17,134.4 1 0
github.com/poyrazK/cloudDNS/internal/core/services/dns_service.go:135.3,135.31 1 1
github.com/poyrazK/cloudDNS/internal/core/services/dns_service.go:135.31,137.35 1 1
github.com/poyrazK/cloudDNS/internal/core/services/dns_service.go:137.35,139.5 1 1
github.com/poyrazK/cloudDNS/internal/core/services/dns_service.go:140.4,140.31 1 1
github.com/poyrazK/cloudDNS/internal/core/services/dns_service.go:144.2,144.17 1 0
github.com/poyrazK/cloudDNS/internal/core/services/dns_service.go:147.93,149.2 1 1
github.com/poyrazK/cloudDNS/internal/core/services/dns_service.go:151.102,153.2 1 1
github.com/poyrazK/cloudDNS/internal/core/services/dns_service.go:155.92,156.65 1 1
github.com/poyrazK/cloudDNS/internal/core/services/dns_service.go:156.65,158.3 1 1
github.com/poyrazK/cloudDNS/internal/core/services/dns_service.go:159.2,160.12 2 1
github.com/poyrazK/cloudDNS/internal/core/services/dns_service.go:163.94,166.16 2 1
github.com/poyrazK/cloudDNS/internal/core/services/dns_service.go:166.16,168.3 1 1
github.com/poyrazK/cloudDNS/internal/core/services/dns_service.go:170.2,170.37 1 1
github.com/poyrazK/cloudDNS/internal/core/services/dns_service.go:170.37,171.81 1 0
github.com/poyrazK/cloudDNS/internal/core/services/dns_service.go:171.81,173.4 1 0
github.com/poyrazK/cloudDNS/internal/core/services/dns_service.go:176.2,176.67 1 1
github.com/poyrazK/cloudDNS/internal/core/services/dns_service.go:176.67,178.3 1 0
github.com/poyrazK/cloudDNS/internal/core/services/dns_service.go:180.2,181.19 2 1
github.com/poyrazK/cloudDNS/internal/core/services/dns_service.go:181.19,183.3 1 0
github.com/poyrazK/cloudDNS/internal/core/services/dns_service.go:184.2,185.12 2 1
github.com/poyrazK/cloudDNS/internal/core/services/dns_service.go:188.106,191.16 3 1
github.com/poyrazK/cloudDNS/internal/core/services/dns_service.go:191.16,193.3 1 0
github.com/poyrazK/cloudDNS/internal/core/services/dns_service.go:195.2,202.30 6 1
github.com/poyrazK/cloudDNS/internal/core/services/dns_service.go:202.30,207.3 4 1
github.com/poyrazK/cloudDNS/internal/core/services/dns_service.go:209.2,209.78 1 1
github.com/poyrazK/cloudDNS/internal/core/services/dns_service.go:209.78,211.3 1 1
github.com/poyrazK/cloudDNS/internal/core/services/dns_service.go:213.2,214.18 2 1
github.com/poyrazK/cloudDNS/internal/core/services/dns_service.go:218.101,220.2 1 0
github.com/poyrazK/cloudDNS/internal/core/services/dns_service.go:222.72,224.19 2 1
github.com/poyrazK/cloudDNS/internal/core/services/dns_service.go:224.19,226.3 1 1
github.com/poyrazK/cloudDNS/internal/core/services/dns_service.go:226.8,228.3 1 0
github.com/poyrazK/cloudDNS/internal/core/services/dns_service.go:229.2,229.20 1 1
github.com/poyrazK/cloudDNS/internal/core/services/dns_service.go:229.20,231.3 1 0
github.com/poyrazK/cloudDNS/internal/core/services/dns_service.go:232.2,232.12 1 1
github.com/poyrazK/cloudDNS/internal/core/services/dnssec_service.go:26.64,28.2 1 1
github.com/poyrazK/cloudDNS/internal/core/services/dnssec_service.go:31.116,33.16 2 1
github.com/poyrazK/cloudDNS/internal/core/services/dnssec_service.go:33.16,35.3 1 0
github.com/poyrazK/cloudDNS/internal/core/services/dnssec_service.go:37.2,52.51 4 1
github.com/poyrazK/cloudDNS/internal/core/services/dnssec_service.go:52.51,54.3 1 1
github.com/poyrazK/cloudDNS/internal/core/services/dnssec_service.go:56.2,56.17 1 1
github.com/poyrazK/cloudDNS/internal/core/services/dnssec_service.go:61.85,63.16 2 1
github.com/poyrazK/cloudDNS/internal/core/services/dnssec_service.go:63.16,65.3 1 1
github.com/poyrazK/cloudDNS/internal/core/services/dnssec_service.go:67.2,74.77 2 1
github.com/poyrazK/cloudDNS/internal/core/services/dnssec_service.go:74.77,76.26 2 1
github.com/poyrazK/cloudDNS/internal/core/services/dnssec_service.go:76.26,77.40 1 1
github.com/poyrazK/cloudDNS/internal/core/services/dnssec_service.go:77.40,79.5 1 1
github.com/poyrazK/cloudDNS/internal/core/services/dnssec_service.go:83.3,83.27 1 1
github.com/poyrazK/cloudDNS/internal/core/services/dnssec_service.go:83.27,86.4 2 1
github.com/poyrazK/cloudDNS/internal/core/services/dnssec_service.go:89.3,91.32 3 1
github.com/poyrazK/cloudDNS/internal/core/services/dnssec_service.go:91.32,92.39 1 1
github.com/poyrazK/cloudDNS/internal/core/services/dnssec_service.go:92.39,94.5 1 1
github.com/poyrazK/cloudDNS/internal/core/services/dnssec_service.go:98.3,98.20 1 1
github.com/poyrazK/cloudDNS/internal/core/services/dnssec_service.go:98.20,101.4 2 1
github.com/poyrazK/cloudDNS/internal/core/services/dnssec_service.go:104.3,104.32 1 1
github.com/poyrazK/cloudDNS/internal/core/services/dnssec_service.go:104.32,106.30 2 1
github.com/poyrazK/cloudDNS/internal/core/services/dnssec_service.go:106.30,109.59 3 1
github.com/poyrazK/cloudDNS/internal/core/services/dnssec_service.go:109.59,111.6 1 0
github.com/poyrazK/cloudDNS/internal/core/services/dnssec_service.go:114.3,114.13 1 1
github.com/poyrazK/cloudDNS/internal/core/services/dnssec_service.go:117.2,117.80 1 1
github.com/poyrazK/cloudDNS/internal/core/services/dnssec_service.go:117.80,119.3 1 0
github.com/poyrazK/cloudDNS/internal/core/services/dnssec_service.go:120.2,120.80 1 1
github.com/poyrazK/cloudDNS/internal/core/services/dnssec_service.go:120.80,122.3 1 0
github.com/poyrazK/cloudDNS/internal/core/services/dnssec_service.go:124.2,124.12 1 1
github.com/poyrazK/cloudDNS/internal/core/services/dnssec_service.go:128.119,130.16 2 1
github.com/poyrazK/cloudDNS/internal/core/services/dnssec_service.go:130.16,132.3 1 0
github.com/poyrazK/cloudDNS/internal/core/services/dnssec_service.go:134.2,135.25 2 1
github.com/poyrazK/cloudDNS/internal/core/services/dnssec_service.go:135.25,136.39 1 1
github.com/poyrazK/cloudDNS/internal/core/services/dnssec_service.go:136.39,138.4 1 1
github.com/poyrazK/cloudDNS/internal/core/services/dnssec_service.go:140.2,140.22 1 1
github.com/poyrazK/cloudDNS/internal/core/services/dnssec_service.go:140.22,142.3 1 1
github.com/poyrazK/cloudDNS/internal/core/services/dnssec_service.go:143.2,143.20 1 1
github.com/poyrazK/cloudDNS/internal/core/services/dnssec_service.go:147.144,148.23 1 1
github.com/poyrazK/cloudDNS/internal/core/services/dnssec_service.go:148.23,150.3 1 1
github.com/poyrazK/cloudDNS/internal/core/services/dnssec_service.go:152.2,153.16 2 1
github.com/poyrazK/cloudDNS/internal/core/services/dnssec_service.go:153.16,155.3 1 1
github.com/poyrazK/cloudDNS/internal/core/services/dnssec_service.go:157.2,158.27 2 1
github.com/poyrazK/cloudDNS/internal/core/services/dnssec_service.go:158.27,160.17 2 1
github.com/poyrazK/cloudDNS/internal/core/services/dnssec_service.go:160.17,162.4 1 0
github.com/poyrazK/cloudDNS/internal/core/services/dnssec_service.go:165.3,176.48 5 1
github.com/poyrazK/cloudDNS/internal/core/services/dnssec_service.go:176.48,178.4 1 1
github.com/poyrazK/cloudDNS/internal/core/services/dnssec_service.go:179.3,182.17 3 1
github.com/poyrazK/cloudDNS/internal/core/services/dnssec_service.go:182.17,184.4 1 0
github.com/poyrazK/cloudDNS/internal/core/services/dnssec_service.go:185.3,185.27 1 1
github.com/poyrazK/cloudDNS/internal/core/services/dnssec_service.go:188.2,188.18 1 1
github.com/poyrazK/cloudDNS/internal/dns/master/parser.go:21.38,25.2 1 1
github.com/poyrazK/cloudDNS/internal/dns/master/parser.go:34.62,43.21 7 1
github.com/poyrazK/cloudDNS/internal/dns/master/parser.go:43.21,46.52 2 1
github.com/poyrazK/cloudDNS/internal/dns/master/parser.go:46.52,48.4 1 1
github.com/poyrazK/cloudDNS/internal/dns/master/parser.go:50.3,50.15 1 1
github.com/poyrazK/cloudDNS/internal/dns/master/parser.go:50.15,52.21 2 1
github.com/poyrazK/cloudDNS/internal/dns/master/parser.go:52.21,52.31 1 1
github.com/poyrazK/cloudDNS/internal/dns/master/parser.go:54.4,56.35 2 1
github.com/poyrazK/cloudDNS/internal/dns/master/parser.go:56.35,59.37 3 1
github.com/poyrazK/cloudDNS/internal/dns/master/parser.go:59.37,60.14 1 1
github.com/poyrazK/cloudDNS/internal/dns/master/parser.go:63.9,65.36 2 1
github.com/poyrazK/cloudDNS/internal/dns/master/parser.go:65.36,66.13 1 1
github.com/poyrazK/cloudDNS/internal/dns/master/parser.go:68.4,68.19 1 1
github.com/poyrazK/cloudDNS/internal/dns/master/parser.go:71.3,72.26 2 1
github.com/poyrazK/cloudDNS/internal/dns/master/parser.go:72.26,76.4 3 1
github.com/poyrazK/cloudDNS/internal/dns/master/parser.go:76.9,78.4 1 1
github.com/poyrazK/cloudDNS/internal/dns/master/parser.go:80.3,81.24 2 1
github.com/poyrazK/cloudDNS/internal/dns/master/parser.go:81.24,81.34 1 0
github.com/poyrazK/cloudDNS/internal/dns/master/parser.go:83.3,83.42 1 1
github.com/poyrazK/cloudDNS/internal/dns/master/parser.go:83.42,85.22 2 1
github.com/poyrazK/cloudDNS/internal/dns/master/parser.go:85.22,85.32 1 0
github.com/poyrazK/cloudDNS/internal/dns/master/parser.go:86.4,86.37 1 1
github.com/poyrazK/cloudDNS/internal/dns/master/parser.go:87.19,89.42 2 1
github.com/poyrazK/cloudDNS/internal/dns/master/parser.go:89.42,89.61 1 0
github.com/poyrazK/cloudDNS/internal/dns/master/parser.go:90.5,90.30 1 1
github.com/poyrazK/cloudDNS/internal/dns/master/parser.go:91.16,93.23 2 1
github.com/poyrazK/cloudDNS/internal/dns/master/parser.go:95.4,95.12 1 1
github.com/poyrazK/cloudDNS/internal/dns/master/parser.go:98.3,99.23 2 1
github.com/poyrazK/cloudDNS/internal/dns/master/parser.go:99.23,99.33 1 0
github.com/poyrazK/cloudDNS/internal/dns/master/parser.go:101.3,102.25 2 1
github.com/poyrazK/cloudDNS/internal/dns/master/parser.go:102.25,104.4 1 1
github.com/poyrazK/cloudDNS/internal/dns/master/parser.go:104.9,107.19 3 1
github.com/poyrazK/cloudDNS/internal/dns/master/parser.go:107.19,109.5 1 1
github.com/poyrazK/cloudDNS/internal/dns/master/parser.go:109.10,109.62 1 1
github.com/poyrazK/cloudDNS/internal/dns/master/parser.go:109.62,111.5 1 1
github.com/poyrazK/cloudDNS/internal/dns/master/parser.go:112.4,112.19 1 1
github.com/poyrazK/cloudDNS/internal/dns/master/parser.go:115.3,119.36 4 1
github.com/poyrazK/cloudDNS/internal/dns/master/parser.go:119.36,122.47 3 1
github.com/poyrazK/cloudDNS/internal/dns/master/parser.go:122.47,124.13 2 1
github.com/poyrazK/cloudDNS/internal/dns/master/parser.go:126.4,126.72 1 1
github.com/poyrazK/cloudDNS/internal/dns/master/parser.go:126.72,127.13 1 1
github.com/poyrazK/cloudDNS/internal/dns/master/parser.go:129.4,131.9 3 1
github.com/poyrazK/cloudDNS/internal/dns/master/parser.go:134.3,134.32 1 1
github.com/poyrazK/cloudDNS/internal/dns/master/parser.go:134.32,134.42 1 0
github.com/poyrazK/cloudDNS/internal/dns/master/parser.go:136.3,141.5 1 1
github.com/poyrazK/cloudDNS/internal/dns/master/parser.go:144.2,144.28 1 1
github.com/poyrazK/cloudDNS/internal/dns/master/parser.go:148.47,152.12 3 1
github.com/poyrazK/cloudDNS/internal/dns/master/parser.go:152.12,152.24 1 1
github.com/poyrazK/cloudDNS/internal/dns/master/parser.go:153.2,153.13 1 1
github.com/poyrazK/cloudDNS/internal/dns/master/parser.go:153.13,153.26 1 0
github.com/poyrazK/cloudDNS/internal/dns/master/parser.go:154.2,154.13 1 1
github.com/poyrazK/cloudDNS/internal/dns/master/parser.go:154.13,154.25 1 0
github.com/poyrazK/cloudDNS/internal/dns/master/parser.go:156.2,162.23 5 1
github.com/poyrazK/cloudDNS/internal/dns/master/parser.go:162.23,163.30 1 1
github.com/poyrazK/cloudDNS/internal/dns/master/parser.go:163.30,163.43 1 1
github.com/poyrazK/cloudDNS/internal/dns/master/parser.go:164.3,164.30 1 1
github.com/poyrazK/cloudDNS/internal/dns/master/parser.go:164.30,164.42 1 0
github.com/poyrazK/cloudDNS/internal/dns/master/parser.go:165.3,166.6 2 1
github.com/poyrazK/cloudDNS/internal/dns/master/parser.go:169.2,169.33 1 1
github.com/poyrazK/cloudDNS/internal/dns/master/parser.go:169.33,169.46 1 1
github.com/poyrazK/cloudDNS/internal/dns/master/parser.go:170.2,170.33 1 1
github.com/poyrazK/cloudDNS/internal/dns/master/parser.go:170.33,170.45 1 1
github.com/poyrazK/cloudDNS/internal/dns/master/parser.go:171.2,171.10 1 0
github.com/poyrazK/cloudDNS/internal/dns/master/parser.go:174.54,175.42 1 1
github.com/poyrazK/cloudDNS/internal/dns/master/parser.go:175.42,177.15 2 1
github.com/poyrazK/cloudDNS/internal/dns/master/parser.go:177.15,179.4 1 1
github.com/poyrazK/cloudDNS/internal/dns/master/parser.go:180.3,180.17 1 1
github.com/poyrazK/cloudDNS/internal/dns/master/parser.go:184.56,185.11 1 1
github.com/poyrazK/cloudDNS/internal/dns/master/parser.go:186.20,186.29 1 1
github.com/poyrazK/cloudDNS/internal/dns/master/parser.go:187.21,187.30 1 1
github.com/poyrazK/cloudDNS/internal/dns/master/parser.go:188.24,188.33 1 1
github.com/poyrazK/cloudDNS/internal/dns/master/parser.go:189.22,189.31 1 1
github.com/poyrazK/cloudDNS/internal/dns/master/parser.go:190.21,190.31 1 1
github.com/poyrazK/cloudDNS/internal/dns/master/parser.go:191.22,191.32 1 1
github.com/poyrazK/cloudDNS/internal/dns/master/parser.go:192.23,192.33 1 1
github.com/poyrazK/cloudDNS/internal/dns/master/parser.go:193.22,193.32 1 1
github.com/poyrazK/cloudDNS/internal/dns/master/parser.go:194.10,194.19 1 1
github.com/poyrazK/cloudDNS/internal/adapters/repository/postgres.go:26.60,28.2 1 1
github.com/poyrazK/cloudDNS/internal/adapters/repository/postgres.go:30.142,42.17 4 1
github.com/poyrazK/cloudDNS/internal/adapters/repository/postgres.go:42.17,45.3 2 1
github.com/poyrazK/cloudDNS/internal/adapters/repository/postgres.go:45.8,47.3 1 1
github.com/poyrazK/cloudDNS/internal/adapters/repository/postgres.go:49.2,49.21 1 1
github.com/poyrazK/cloudDNS/internal/adapters/repository/postgres.go:49.21,51.3 1 1
github.com/poyrazK/cloudDNS/internal/adapters/repository/postgres.go:52.2,52.15 1 1
github.com/poyrazK/cloudDNS/internal/adapters/repository/postgres.go:52.15,52.62 1 1
github.com/poyrazK/cloudDNS/internal/adapters/repository/postgres.go:52.62,52.114 1 0
github.com/poyrazK/cloudDNS/internal/adapters/repository/postgres.go:54.2,55.18 2 1
github.com/poyrazK/cloudDNS/internal/adapters/repository/postgres.go:55.18,58.152 3 1
github.com/poyrazK/cloudDNS/internal/adapters/repository/postgres.go:58.152,60.4 1 1
github.com/poyrazK/cloudDNS/internal/adapters/repository/postgres.go:61.3,61.21 1 1
github.com/poyrazK/cloudDNS/internal/adapters/repository/postgres.go:61.21,64.4 2 0
github.com/poyrazK/cloudDNS/internal/adapters/repository/postgres.go:65.3,65.19 1 1
github.com/poyrazK/cloudDNS/internal/adapters/repository/postgres.go:65.19,68.4 2 0
github.com/poyrazK/cloudDNS/internal/adapters/repository/postgres.go:69.3,69.17 1 1
github.com/poyrazK/cloudDNS/internal/adapters/repository/postgres.go:69.17,72.4 2 0
github.com/poyrazK/cloudDNS/internal/adapters/repository/postgres.go:73.3,73.33 1 1
github.com/poyrazK/cloudDNS/internal/adapters/repository/postgres.go:76.2,76.21 1 1
github.com/poyrazK/cloudDNS/internal/adapters/repository/postgres.go:79.113,85.21 3 1
github.com/poyrazK/cloudDNS/internal/adapters/repository/postgres.go:85.21,87.3 1 1
github.com/poyrazK/cloudDNS/internal/adapters/repository/postgres.go:88.2,88.15 1 1
github.com/poyrazK/cloudDNS/internal/adapters/repository/postgres.go:88.15,88.62 1 1
github.com/poyrazK/cloudDNS/internal/adapters/repository/postgres.go:88.62,88.114 1 0
github.com/poyrazK/cloudDNS/internal/adapters/repository/postgres.go:90.2,91.18 2 1
github.com/poyrazK/cloudDNS/internal/adapters/repository/postgres.go:91.18,93.48 2 1
github.com/poyrazK/cloudDNS/internal/adapters/repository/postgres.go:93.48,95.4 1 0
github.com/poyrazK/cloudDNS/internal/adapters/repository/postgres.go:96.3,96.24 1 1
github.com/poyrazK/cloudDNS/internal/adapters/repository/postgres.go:98.2,98.17 1 1
github.com/poyrazK/cloudDNS/internal/adapters/repository/postgres.go:101.94,105.38 4 1
github.com/poyrazK/cloudDNS/internal/adapters/repository/postgres.go:105.38,107.3 1 1
github.com/poyrazK/cloudDNS/internal/adapters/repository/postgres.go:108.2,108.19 1 1
github.com/poyrazK/cloudDNS/internal/adapters/repository/postgres.go:108.19,110.3 1 1
github.com/poyrazK/cloudDNS/internal/adapters/repository/postgres.go:111.2,111.16 1 1
github.com/poyrazK/cloudDNS/internal/adapters/repository/postgres.go:114.111,122.38 5 0
github.com/poyrazK/cloudDNS/internal/adapters/repository/postgres.go:122.38,124.3 1 0
github.com/poyrazK/cloudDNS/internal/adapters/repository/postgres.go:125.2,125.19 1 0
github.com/poyrazK/cloudDNS/internal/adapters/repository/postgres.go:125.19,127.3 1 0
github.com/poyrazK/cloudDNS/internal/adapters/repository/postgres.go:129.2,129.20 1 0
github.com/poyrazK/cloudDNS/internal/adapters/repository/postgres.go:129.20,132.3 2 0
github.com/poyrazK/cloudDNS/internal/adapters/repository/postgres.go:133.2,133.18 1 0
github.com/poyrazK/cloudDNS/internal/adapters/repository/postgres.go:133.18,136.3 2 0
github.com/poyrazK/cloudDNS/internal/adapters/repository/postgres.go:137.2,137.16 1 0
github.com/poyrazK/cloudDNS/internal/adapters/repository/postgres.go:137.16,140.3 2 0
github.com/poyrazK/cloudDNS/internal/adapters/repository/postgres.go:142.2,142.18 1 0
github.com/poyrazK/cloudDNS/internal/adapters/repository/postgres.go:145.110,148.21 3 1
github.com/poyrazK/cloudDNS/internal/adapters/repository/postgres.go:148.21,150.3 1 1
github.com/poyrazK/cloudDNS/internal/adapters/repository/postgres.go:151.2,151.15 1 1
github.com/poyrazK/cloudDNS/internal/adapters/repository/postgres.go:151.15,151.62 1 1
github.com/poyrazK/cloudDNS/internal/adapters/repository/postgres.go:151.62,151.114 1 0
github.com/poyrazK/cloudDNS/internal/adapters/repository/postgres.go:153.2,154.18 2 1
github.com/poyrazK/cloudDNS/internal/adapters/repository/postgres.go:154.18,157.152 3 1
github.com/poyrazK/cloudDNS/internal/adapters/repository/postgres.go:157.152,159.4 1 1
github.com/poyrazK/cloudDNS/internal/adapters/repository/postgres.go:160.3,160.21 1 1
github.com/poyrazK/cloudDNS/internal/adapters/repository/postgres.go:160.21,163.4 2 1
github.com/poyrazK/cloudDNS/internal/adapters/repository/postgres.go:164.3,164.19 1 1
github.com/poyrazK/cloudDNS/internal/adapters/repository/postgres.go:164.19,167.4 2 1
github.com/poyrazK/cloudDNS/internal/adapters/repository/postgres.go:168.3,168.17 1 1
github.com/poyrazK/cloudDNS/internal/adapters/repository/postgres.go:168.17,171.4 2 1
github.com/poyrazK/cloudDNS/internal/adapters/repository/postgres.go:172.3,172.33 1 1
github.com/poyrazK/cloudDNS/internal/adapters/repository/postgres.go:174.2,174.21 1 1
github.com/poyrazK/cloudDNS/internal/adapters/repository/postgres.go:177.87,182.2 3 1
github.com/poyrazK/cloudDNS/internal/adapters/repository/postgres.go:184.123,186.18 2 1
github.com/poyrazK/cloudDNS/internal/adapters/repository/postgres.go:186.18,188.3 1 1
github.com/poyrazK/cloudDNS/internal/adapters/repository/postgres.go:189.2,189.15 1 1
github.com/poyrazK/cloudDNS/internal/adapters/repository/postgres.go:189.15,190.97 1 1
github.com/poyrazK/cloudDNS/internal/adapters/repository/postgres.go:190.97,192.4 1 0
github.com/poyrazK/cloudDNS/internal/adapters/repository/postgres.go:196.2,199.20 3 1
github.com/poyrazK/cloudDNS/internal/adapters/repository/postgres.go:199.20,201.3 1 0
github.com/poyrazK/cloudDNS/internal/adapters/repository/postgres.go:204.2,206.30 2 1
github.com/poyrazK/cloudDNS/internal/adapters/repository/postgres.go:206.30,208.27 2 1
github.com/poyrazK/cloudDNS/internal/adapters/repository/postgres.go:208.27,210.4 1 0
github.com/poyrazK/cloudDNS/internal/adapters/repository/postgres.go:213.2,213.20 1 1
github.com/poyrazK/cloudDNS/internal/adapters/repository/postgres.go:216.93,221.2 3 1
github.com/poyrazK/cloudDNS/internal/adapters/repository/postgres.go:223.101,228.20 4 1
github.com/poyrazK/cloudDNS/internal/adapters/repository/postgres.go:228.20,231.3 2 1
github.com/poyrazK/cloudDNS/internal/adapters/repository/postgres.go:231.8,233.3 1 1
github.com/poyrazK/cloudDNS/internal/adapters/repository/postgres.go:235.2,235.21 1 1
github.com/poyrazK/cloudDNS/internal/adapters/repository/postgres.go:235.21,237.3 1 1
github.com/poyrazK/cloudDNS/internal/adapters/repository/postgres.go:238.2,238.15 1 1
github.com/poyrazK/cloudDNS/internal/adapters/repository/postgres.go:238.15,238.62 1 1
github.com/poyrazK/cloudDNS/internal/adapters/repository/postgres.go:238.62,238.114 1 0
github.com/poyrazK/cloudDNS/internal/adapters/repository/postgres.go:240.2,241.18 2 1
github.com/poyrazK/cloudDNS/internal/adapters/repository/postgres.go:241.18,243.126 2 1
github.com/poyrazK/cloudDNS/internal/adapters/repository/postgres.go:243.126,245.4 1 1
github.com/poyrazK/cloudDNS/internal/adapters/repository/postgres.go:246.3,246.27 1 1
github.com/poyrazK/cloudDNS/internal/adapters/repository/postgres.go:248.2,248.19 1 1
github.com/poyrazK/cloudDNS/internal/adapters/repository/postgres.go:251.100,255.2 3 1
github.com/poyrazK/cloudDNS/internal/adapters/repository/postgres.go:257.102,261.2 3 1
github.com/poyrazK/cloudDNS/internal/adapters/repository/postgres.go:263.137,267.2 3 1
github.com/poyrazK/cloudDNS/internal/adapters/repository/postgres.go:269.105,273.2 3 1
github.com/poyrazK/cloudDNS/internal/adapters/repository/postgres.go:275.147,279.2 3 1
github.com/poyrazK/cloudDNS/internal/adapters/repository/postgres.go:281.101,286.2 3 1
github.com/poyrazK/cloudDNS/internal/adapters/repository/postgres.go:288.130,292.21 3 1
github.com/poyrazK/cloudDNS/internal/adapters/repository/postgres.go:292.21,294.3 1 1
github.com/poyrazK/cloudDNS/internal/adapters/repository/postgres.go:295.2,295.15 1 1
github.com/poyrazK/cloudDNS/internal/adapters/repository/postgres.go:295.15,295.62 1 1
github.com/poyrazK/cloudDNS/internal/adapters/repository/postgres.go:295.62,295.114 1 0
github.com/poyrazK/cloudDNS/internal/adapters/repository/postgres.go:297.2,298.18 2 1
github.com/poyrazK/cloudDNS/internal/adapters/repository/postgres.go:298.18,301.162 3 1
github.com/poyrazK/cloudDNS/internal/adapters/repository/postgres.go:301.162,303.4 1 1
github.com/poyrazK/cloudDNS/internal/adapters/repository/postgres.go:304.3,304.21 1 1
github.com/poyrazK/cloudDNS/internal/adapters/repository/postgres.go:304.21,307.4 2 0
github.com/poyrazK/cloudDNS/internal/adapters/repository/postgres.go:308.3,308.19 1 1
github.com/poyrazK/cloudDNS/internal/adapters/repository/postgres.go:308.19,311.4 2 0
github.com/poyrazK/cloudDNS/internal/adapters/repository/postgres.go:312.3,312.17 1 1
github.com/poyrazK/cloudDNS/internal/adapters/repository/postgres.go:312.17,315.4 2 0
github.com/poyrazK/cloudDNS/internal/adapters/repository/postgres.go:316.3,316.31 1 1
github.com/poyrazK/cloudDNS/internal/adapters/repository/postgres.go:318.2,318.21 1 1
github.com/poyrazK/cloudDNS/internal/adapters/repository/postgres.go:321.92,326.2 3 1
github.com/poyrazK/cloudDNS/internal/adapters/repository/postgres.go:328.108,331.21 3 1
github.com/poyrazK/cloudDNS/internal/adapters/repository/postgres.go:331.21,333.3 1 1
github.com/poyrazK/cloudDNS/internal/adapters/repository/postgres.go:334.2,334.15 1 1
github.com/poyrazK/cloudDNS/internal/adapters/repository/postgres.go:334.15,334.62 1 1
github.com/poyrazK/cloudDNS/internal/adapters/repository/postgres.go:334.62,334.114 1 0
github.com/poyrazK/cloudDNS/internal/adapters/repository/postgres.go:336.2,337.18 2 1
github.com/poyrazK/cloudDNS/internal/adapters/repository/postgres.go:337.18,339.132 2 1
github.com/poyrazK/cloudDNS/internal/adapters/repository/postgres.go:339.132,341.4 1 1
github.com/poyrazK/cloudDNS/internal/adapters/repository/postgres.go:342.3,342.25 1 1
github.com/poyrazK/cloudDNS/internal/adapters/repository/postgres.go:344.2,344.18 1 1
github.com/poyrazK/cloudDNS/internal/adapters/repository/postgres.go:347.62,349.2 1 1
github.com/poyrazK/cloudDNS/internal/adapters/repository/postgres.go:351.90,356.2 3 1
github.com/poyrazK/cloudDNS/internal/adapters/repository/postgres.go:358.110,361.21 3 1
github.com/poyrazK/cloudDNS/internal/adapters/repository/postgres.go:361.21,363.3 1 1
github.com/poyrazK/cloudDNS/internal/adapters/repository/postgres.go:364.2,364.15 1 1
github.com/poyrazK/cloudDNS/internal/adapters/repository/postgres.go:364.15,364.62 1 1
github.com/poyrazK/cloudDNS/internal/adapters/repository/postgres.go:364.62,364.114 1 0
github.com/poyrazK/cloudDNS/internal/adapters/repository/postgres.go:366.2,367.18 2 1
github.com/poyrazK/cloudDNS/internal/adapters/repository/postgres.go:367.18,369.155 2 1
github.com/poyrazK/cloudDNS/internal/adapters/repository/postgres.go:369.155,371.4 1 0
github.com/poyrazK/cloudDNS/internal/adapters/repository/postgres.go:372.3,372.25 1 1
github.com/poyrazK/cloudDNS/internal/adapters/repository/postgres.go:374.2,374.18 1 1
github.com/poyrazK/cloudDNS/internal/adapters/repository/postgres.go:377.90,381.2 3 1
github.com/poyrazK/cloudDNS/internal/adapters/repository/postgres.go:384.95,391.19 2 1
github.com/poyrazK/cloudDNS/internal/adapters/repository/postgres.go:392.29,394.33 2 1
github.com/poyrazK/cloudDNS/internal/adapters/repository/postgres.go:395.43,397.26 2 1
github.com/poyrazK/cloudDNS/internal/adapters/repository/postgres.go:398.17,402.26 4 1
github.com/poyrazK/cloudDNS/internal/adapters/repository/postgres.go:403.18,411.26 8 1
github.com/poyrazK/cloudDNS/internal/adapters/repository/postgres.go:412.18,414.25 2 1
github.com/poyrazK/cloudDNS/internal/adapters/repository/postgres.go:415.18,418.93 2 1
github.com/poyrazK/cloudDNS/internal/adapters/repository/postgres.go:419.21,423.85 2 1
github.com/poyrazK/cloudDNS/internal/adapters/repository/postgres.go:424.17,428.82 2 1
github.com/poyrazK/cloudDNS/internal/adapters/repository/postgres.go:429.20,433.178 2 1
github.com/poyrazK/cloudDNS/internal/adapters/repository/postgres.go:434.19,437.89 2 1
github.com/poyrazK/cloudDNS/internal/adapters/repository/postgres.go:438.20,443.149 2 1
github.com/poyrazK/cloudDNS/internal/adapters/repository/postgres.go:444.10,445.82 1 1
github.com/poyrazK/cloudDNS/internal/adapters/repository/postgres.go:449.2,449.19 1 1
github.com/poyrazK/cloudDNS/internal/adapters/repository/postgres.go:450.16,450.40 1 1
github.com/poyrazK/cloudDNS/internal/adapters/repository/postgres.go:451.19,451.46 1 1
github.com/poyrazK/cloudDNS/internal/adapters/repository/postgres.go:452.20,452.48 1 0
github.com/poyrazK/cloudDNS/internal/adapters/repository/postgres.go:453.17,453.42 1 1
github.com/poyrazK/cloudDNS/internal/adapters/repository/postgres.go:454.18,454.44 1 1
github.com/poyrazK/cloudDNS/internal/adapters/repository/postgres.go:457.2,457.17 1 1
github.com/poyrazK/cloudDNS/internal/adapters/repository/postgres.go:461.79,463.35 2 1
github.com/poyrazK/cloudDNS/internal/adapters/repository/postgres.go:463.35,465.3 1 1
github.com/poyrazK/cloudDNS/internal/adapters/repository/postgres.go:467.2,468.17 2 1
github.com/poyrazK/cloudDNS/internal/adapters/repository/postgres.go:468.17,469.55 1 1
github.com/poyrazK/cloudDNS/internal/adapters/repository/postgres.go:469.55,471.4 1 1
github.com/poyrazK/cloudDNS/internal/adapters/repository/postgres.go:474.2,480.18 2 1
github.com/poyrazK/cloudDNS/internal/adapters/repository/postgres.go:481.20,483.37 2 1
github.com/poyrazK/cloudDNS/internal/adapters/repository/postgres.go:484.23,486.37 2 1
github.com/poyrazK/cloudDNS/internal/adapters/repository/postgres.go:487.24,490.41 3 1
github.com/poyrazK/cloudDNS/internal/adapters/repository/postgres.go:490.41,492.4 1 1
github.com/poyrazK/cloudDNS/internal/adapters/repository/postgres.go:493.21,496.41 3 1
github.com/poyrazK/cloudDNS/internal/adapters/repository/postgres.go:496.41,498.4 1 1
github.com/poyrazK/cloudDNS/internal/adapters/repository/postgres.go:499.21,501.26 2 1
github.com/poyrazK/cloudDNS/internal/adapters/repository/postgres.go:501.26,503.25 2 1
github.com/poyrazK/cloudDNS/internal/adapters/repository/postgres.go:503.25,504.30 1 1
github.com/poyrazK/cloudDNS/internal/adapters/repository/postgres.go:504.30,506.6 1 0
github.com/poyrazK/cloudDNS/internal/adapters/repository/postgres.go:506.11,508.6 1 1
github.com/poyrazK/cloudDNS/internal/adapters/repository/postgres.go:510.4,510.24 1 1
github.com/poyrazK/cloudDNS/internal/adapters/repository/postgres.go:512.3,513.41 2 1
github.com/poyrazK/cloudDNS/internal/adapters/repository/postgres.go:513.41,515.4 1 1
github.com/poyrazK/cloudDNS/internal/adapters/repository/postgres.go:516.22,518.25 2 1
github.com/poyrazK/cloudDNS/internal/adapters/repository/postgres.go:519.22,522.41 3 1
github.com/poyrazK/cloudDNS/internal/adapters/repository/postgres.go:522.41,524.4 1 0
github.com/poyrazK/cloudDNS/internal/adapters/repository/postgres.go:525.22,527.26 2 1
github.com/poyrazK/cloudDNS/internal/adapters/repository/postgres.go:527.26,529.16 2 1
github.com/poyrazK/cloudDNS/internal/adapters/repository/postgres.go:529.16,529.28 1 0
github.com/poyrazK/cloudDNS/internal/adapters/repository/postgres.go:530.4,530.20 1 1
github.com/poyrazK/cloudDNS/internal/adapters/repository/postgres.go:530.20,530.36 1 0
github.com/poyrazK/cloudDNS/internal/adapters/repository/postgres.go:531.4,531.32 1 1
github.com/poyrazK/cloudDNS/internal/adapters/repository/postgres.go:533.3,533.24 1 1
github.com/poyrazK/cloudDNS/internal/adapters/repository/postgres.go:533.24,535.13 2 1
github.com/poyrazK/cloudDNS/internal/adapters/repository/postgres.go:535.13,535.22 1 0
github.com/poyrazK/cloudDNS/internal/adapters/repository/postgres.go:536.4,536.17 1 1
github.com/poyrazK/cloudDNS/internal/adapters/repository/postgres.go:536.17,536.30 1 0
github.com/poyrazK/cloudDNS/internal/adapters/repository/postgres.go:537.4,537.27 1 1
github.com/poyrazK/cloudDNS/internal/adapters/repository/postgres.go:539.3,539.22 1 1
github.com/poyrazK/cloudDNS/internal/adapters/repository/postgres.go:539.22,541.13 2 1
github.com/poyrazK/cloudDNS/internal/adapters/repository/postgres.go:541.13,541.22 1 0
github.com/poyrazK/cloudDNS/internal/adapters/repository/postgres.go:542.4,542.17 1 1
github.com/poyrazK/cloudDNS/internal/adapters/repository/postgres.go:542.17,542.30 1 0
github.com/poyrazK/cloudDNS/internal/adapters/repository/postgres.go:543.4,543.25 1 1
github.com/poyrazK/cloudDNS/internal/adapters/repository/postgres.go:545.3,546.41 2 1
github.com/poyrazK/cloudDNS/internal/adapters/repository/postgres.go:546.41,548.4 1 0
github.com/poyrazK/cloudDNS/internal/adapters/repository/postgres.go:549.22,553.22 3 1
github.com/poyrazK/cloudDNS/internal/adapters/repository/postgres.go:553.22,555.43 2 1
github.com/poyrazK/cloudDNS/internal/adapters/repository/postgres.go:555.43,555.64 1 1
github.com/poyrazK/cloudDNS/internal/adapters/repository/postgres.go:556.4,557.43 2 1
github.com/poyrazK/cloudDNS/internal/adapters/repository/postgres.go:557.43,557.64 1 1
github.com/poyrazK/cloudDNS/internal/adapters/repository/postgres.go:558.4,558.70 1 1
github.com/poyrazK/cloudDNS/internal/adapters/repository/postgres.go:558.70,560.5 1 1
github.com/poyrazK/cloudDNS/internal/adapters/repository/postgres.go:561.4,561.71 1 1
github.com/poyrazK/cloudDNS/internal/adapters/repository/postgres.go:561.71,563.5 1 0
github.com/poyrazK/cloudDNS/internal/adapters/repository/postgres.go:564.4,564.69 1 1
github.com/poyrazK/cloudDNS/internal/adapters/repository/postgres.go:564.69,566.5 1 0
github.com/poyrazK/cloudDNS/internal/adapters/repository/postgres.go:567.4,567.70 1 1
github.com/poyrazK/cloudDNS/internal/adapters/repository/postgres.go:567.70,569.5 1 0
github.com/poyrazK/cloudDNS/internal/adapters/repository/postgres.go:570.4,570.71 1 1
github.com/poyrazK/cloudDNS/internal/adapters/repository/postgres.go:570.71,572.5 1 0
github.com/poyrazK/cloudDNS/internal/adapters/repository/postgres.go:574.16,578.22 3 1
github.com/poyrazK/cloudDNS/internal/adapters/repository/postgres.go:578.22,580.64 2 1
github.com/poyrazK/cloudDNS/internal/adapters/repository/postgres.go:580.64,582.5 1 1
github.com/poyrazK/cloudDNS/internal/adapters/repository/postgres.go:583.4,583.64 1 1
github.com/poyrazK/cloudDNS/internal/adapters/repository/postgres.go:583.64,585.5 1 0
github.com/poyrazK/cloudDNS/internal/adapters/repository/postgres.go:586.4,586.62 1 1
github.com/poyrazK/cloudDNS/internal/adapters/repository/postgres.go:586.62,588.5 1 0
github.com/poyrazK/cloudDNS/internal/adapters/repository/postgres.go:589.4,593.18 4 1
github.com/poyrazK/cloudDNS/internal/adapters/repository/postgres.go:593.18,595.5 1 1
github.com/poyrazK/cloudDNS/internal/adapters/repository/postgres.go:597.12,601.22 3 1
github.com/poyrazK/cloudDNS/internal/adapters/repository/postgres.go:601.22,603.65 2 1
github.com/poyrazK/cloudDNS/internal/adapters/repository/postgres.go:603.65,605.5 1 0
github.com/poyrazK/cloudDNS/internal/adapters/repository/postgres.go:606.4,606.62 1 1
github.com/poyrazK/cloudDNS/internal/adapters/repository/postgres.go:606.62,608.5 1 0
github.com/poyrazK/cloudDNS/internal/adapters/repository/postgres.go:609.4,609.69 1 1
github.com/poyrazK/cloudDNS/internal/adapters/repository/postgres.go:609.69,611.5 1 0
github.com/poyrazK/cloudDNS/internal/adapters/repository/postgres.go:612.4,617.18 5 1
github.com/poyrazK/cloudDNS/internal/adapters/repository/postgres.go:617.18,619.5 1 1
github.com/poyrazK/cloudDNS/internal/adapters/repository/postgres.go:621.15,625.22 3 1
github.com/poyrazK/cloudDNS/internal/adapters/repository/postgres.go:625.22,629.70 3 1
github.com/poyrazK/cloudDNS/internal/adapters/repository/postgres.go:629.70,631.5 1 0
github.com/poyrazK/cloudDNS/internal/adapters/repository/postgres.go:632.4,632.62 1 1
github.com/poyrazK/cloudDNS/internal/adapters/repository/postgres.go:632.62,634.5 1 0
github.com/poyrazK/cloudDNS/internal/adapters/repository/postgres.go:635.4,635.65 1 1
github.com/poyrazK/cloudDNS/internal/adapters/repository/postgres.go:635.65,637.5 1 0
github.com/poyrazK/cloudDNS/internal/adapters/repository/postgres.go:638.4,638.66 1 1
github.com/poyrazK/cloudDNS/internal/adapters/repository/postgres.go:638.66,640.5 1 0
github.com/poyrazK/cloudDNS/internal/adapters/repository/postgres.go:641.4,641.62 1 1
github.com/poyrazK/cloudDNS/internal/adapters/repository/postgres.go:641.62,643.5 1 0
github.com/poyrazK/cloudDNS/internal/adapters/repository/postgres.go:644.4,644.62 1 1
github.com/poyrazK/cloudDNS/internal/adapters/repository/postgres.go:644.62,646.5 1 0
github.com/poyrazK/cloudDNS/internal/adapters/repository/postgres.go:647.4,647.65 1 1
github.com/poyrazK/cloudDNS/internal/adapters/repository/postgres.go:647.65,649.5 1 0
github.com/poyrazK/cloudDNS/internal/adapters/repository/postgres.go:651.4,659.48 9 1
github.com/poyrazK/cloudDNS/internal/adapters/repository/postgres.go:659.48,659.74 1 0
github.com/poyrazK/cloudDNS/internal/adapters/repository/postgres.go:661.4,662.18 2 1
github.com/poyrazK/cloudDNS/internal/adapters/repository/postgres.go:662.18,664.5 1 1
github.com/poyrazK/cloudDNS/internal/adapters/repository/postgres.go:666.14,670.22 3 1
github.com/poyrazK/cloudDNS/internal/adapters/repository/postgres.go:670.22,672.46 2 1
github.com/poyrazK/cloudDNS/internal/adapters/repository/postgres.go:672.46,672.70 1 0
github.com/poyrazK/cloudDNS/internal/adapters/repository/postgres.go:673.4,673.22 1 1
github.com/poyrazK/cloudDNS/internal/adapters/repository/postgres.go:673.22,676.19 3 1
github.com/poyrazK/cloudDNS/internal/adapters/repository/postgres.go:676.19,678.6 1 1
github.com/poyrazK/cloudDNS/internal/adapters/repository/postgres.go:681.15,685.22 3 1
github.com/poyrazK/cloudDNS/internal/adapters/repository/postgres.go:685.22,687.66 2 1
github.com/poyrazK/cloudDNS/internal/adapters/repository/postgres.go:687.66,689.5 1 0
github.com/poyrazK/cloudDNS/internal/adapters/repository/postgres.go:690.4,690.64 1 1
github.com/poyrazK/cloudDNS/internal/adapters/repository/postgres.go:690.64,692.5 1 0
github.com/poyrazK/cloudDNS/internal/adapters/repository/postgres.go:693.4,693.69 1 1
github.com/poyrazK/cloudDNS/internal/adapters/repository/postgres.go:693.69,695.5 1 0
github.com/poyrazK/cloudDNS/internal/adapters/repository/postgres.go:697.4,701.59 4 1
github.com/poyrazK/cloudDNS/internal/adapters/repository/postgres.go:701.59,703.5 1 1
github.com/poyrazK/cloudDNS/internal/adapters/repository/postgres.go:704.4,704.78 1 1
github.com/poyrazK/cloudDNS/internal/adapters/repository/postgres.go:704.78,706.5 1 0
github.com/poyrazK/cloudDNS/internal/adapters/repository/postgres.go:708.4,708.61 1 1
github.com/poyrazK/cloudDNS/internal/adapters/repository/postgres.go:708.61,710.5 1 1
github.com/poyrazK/cloudDNS/internal/adapters/repository/postgres.go:712.10,713.67 1 1
github.com/poyrazK/cloudDNS/internal/adapters/repository/postgres.go:716.2,716.18 1 1
github.com/poyrazK/cloudDNS/internal/dns/packet/buffer.go:24.26,30.3 1 1
github.com/poyrazK/cloudDNS/internal/dns/packet/buffer.go:34.36,38.2 3 1
github.com/poyrazK/cloudDNS/internal/dns/packet/buffer.go:41.37,43.2 1 1
github.com/poyrazK/cloudDNS/internal/dns/packet/buffer.go:46.36,50.20 4 1
github.com/poyrazK/cloudDNS/internal/dns/packet/buffer.go:50.20,52.3 1 1
github.com/poyrazK/cloudDNS/internal/dns/packet/buffer.go:52.8,54.3 1 1
github.com/poyrazK/cloudDNS/internal/dns/packet/buffer.go:55.2,55.20 1 1
github.com/poyrazK/cloudDNS/internal/dns/packet/buffer.go:59.46,66.2 1 1
github.com/poyrazK/cloudDNS/internal/dns/packet/buffer.go:69.46,74.20 5 1
github.com/poyrazK/cloudDNS/internal/dns/packet/buffer.go:74.20,76.3 1 0
github.com/poyrazK/cloudDNS/internal/dns/packet/buffer.go:76.8,78.3 1 1
github.com/poyrazK/cloudDNS/internal/dns/packet/buffer.go:82.43,84.2 1 1
github.com/poyrazK/cloudDNS/internal/dns/packet/buffer.go:87.50,88.71 1 1
github.com/poyrazK/cloudDNS/internal/dns/packet/buffer.go:88.71,90.3 1 1
github.com/poyrazK/cloudDNS/internal/dns/packet/buffer.go:91.2,92.33 2 1
github.com/poyrazK/cloudDNS/internal/dns/packet/buffer.go:92.33,94.3 1 1
github.com/poyrazK/cloudDNS/internal/dns/packet/buffer.go:95.2,95.12 1 1
github.com/poyrazK/cloudDNS/internal/dns/packet/buffer.go:99.48,100.55 1 1
github.com/poyrazK/cloudDNS/internal/dns/packet/buffer.go:100.55,102.3 1 1
github.com/poyrazK/cloudDNS/internal/dns/packet/buffer.go:103.2,104.33 2 1
github.com/poyrazK/cloudDNS/internal/dns/packet/buffer.go:104.33,106.3 1 0
github.com/poyrazK/cloudDNS/internal/dns/packet/buffer.go:107.2,107.12 1 1
github.com/poyrazK/cloudDNS/internal/dns/packet/buffer.go:111.49,112.20 1 1
github.com/poyrazK/cloudDNS/internal/dns/packet/buffer.go:112.20,114.3 1 1
github.com/poyrazK/cloudDNS/internal/dns/packet/buffer.go:115.2,117.17 3 1
github.com/poyrazK/cloudDNS/internal/dns/packet/buffer.go:121.77,122.26 1 1
github.com/poyrazK/cloudDNS/internal/dns/packet/buffer.go:122.26,124.3 1 1
github.com/poyrazK/cloudDNS/internal/dns/packet/buffer.go:125.2,127.17 3 1
github.com/poyrazK/cloudDNS/internal/dns/packet/buffer.go:131.54,132.21 1 1
github.com/poyrazK/cloudDNS/internal/dns/packet/buffer.go:132.21,134.3 1 1
github.com/poyrazK/cloudDNS/internal/dns/packet/buffer.go:135.2,138.40 4 1
github.com/poyrazK/cloudDNS/internal/dns/packet/buffer.go:142.54,143.21 1 1
github.com/poyrazK/cloudDNS/internal/dns/packet/buffer.go:143.21,145.3 1 1
github.com/poyrazK/cloudDNS/internal/dns/packet/buffer.go:146.2,151.74 6 1
github.com/poyrazK/cloudDNS/internal/dns/packet/buffer.go:155.55,163.6 6 1
github.com/poyrazK/cloudDNS/internal/dns/packet/buffer.go:163.6,164.32 1 1
github.com/poyrazK/cloudDNS/internal/dns/packet/buffer.go:164.32,166.4 1 1
github.com/poyrazK/cloudDNS/internal/dns/packet/buffer.go:168.3,169.17 2 1
github.com/poyrazK/cloudDNS/internal/dns/packet/buffer.go:169.17,171.4 1 1
github.com/poyrazK/cloudDNS/internal/dns/packet/buffer.go:174.3,174.19 1 1
github.com/poyrazK/cloudDNS/internal/dns/packet/buffer.go:174.19,176.15 2 1
github.com/poyrazK/cloudDNS/internal/dns/packet/buffer.go:176.15,177.39 1 1
github.com/poyrazK/cloudDNS/internal/dns/packet/buffer.go:177.39,179.6 1 0
github.com/poyrazK/cloudDNS/internal/dns/packet/buffer.go:181.4,182.17 2 1
github.com/poyrazK/cloudDNS/internal/dns/packet/buffer.go:182.17,184.5 1 1
github.com/poyrazK/cloudDNS/internal/dns/packet/buffer.go:185.4,185.19 1 1
github.com/poyrazK/cloudDNS/internal/dns/packet/buffer.go:189.3,189.31 1 1
github.com/poyrazK/cloudDNS/internal/dns/packet/buffer.go:189.31,190.15 1 1
github.com/poyrazK/cloudDNS/internal/dns/packet/buffer.go:190.15,191.43 1 1
github.com/poyrazK/cloudDNS/internal/dns/packet/buffer.go:191.43,193.6 1 0
github.com/poyrazK/cloudDNS/internal/dns/packet/buffer.go:195.4,196.18 2 1
github.com/poyrazK/cloudDNS/internal/dns/packet/buffer.go:196.18,198.5 1 0
github.com/poyrazK/cloudDNS/internal/dns/packet/buffer.go:199.4,203.12 5 1
github.com/poyrazK/cloudDNS/internal/dns/packet/buffer.go:207.3,210.25 3 1
github.com/poyrazK/cloudDNS/internal/dns/packet/buffer.go:210.25,212.4 1 1
github.com/poyrazK/cloudDNS/internal/dns/packet/buffer.go:213.3,214.30 2 1
github.com/poyrazK/cloudDNS/internal/dns/packet/buffer.go:214.30,215.34 1 1
github.com/poyrazK/cloudDNS/internal/dns/packet/buffer.go:215.34,217.5 1 0
github.com/poyrazK/cloudDNS/internal/dns/packet/buffer.go:217.10,219.5 1 1
github.com/poyrazK/cloudDNS/internal/dns/packet/buffer.go:221.3,222.16 2 1
github.com/poyrazK/cloudDNS/internal/dns/packet/buffer.go:227.55,228.18 1 1
github.com/poyrazK/cloudDNS/internal/dns/packet/buffer.go:228.18,230.3 1 1
github.com/poyrazK/cloudDNS/internal/dns/packet/buffer.go:231.2,231.24 1 1
github.com/poyrazK/cloudDNS/internal/dns/packet/buffer.go:235.76,236.26 1 1
github.com/poyrazK/cloudDNS/internal/dns/packet/buffer.go:236.26,238.3 1 1
github.com/poyrazK/cloudDNS/internal/dns/packet/buffer.go:239.2,239.41 1 1
github.com/poyrazK/cloudDNS/internal/dns/packet/buffer.go:243.50,244.28 1 1
github.com/poyrazK/cloudDNS/internal/dns/packet/buffer.go:244.28,246.3 1 1
github.com/poyrazK/cloudDNS/internal/dns/packet/buffer.go:247.2,249.19 3 1
github.com/poyrazK/cloudDNS/internal/dns/packet/buffer.go:249.19,251.3 1 1
github.com/poyrazK/cloudDNS/internal/dns/packet/buffer.go:252.2,252.12 1 1
github.com/poyrazK/cloudDNS/internal/dns/packet/buffer.go:256.55,257.29 1 1
github.com/poyrazK/cloudDNS/internal/dns/packet/buffer.go:257.29,259.3 1 1
github.com/poyrazK/cloudDNS/internal/dns/packet/buffer.go:260.2,263.19 4 1
github.com/poyrazK/cloudDNS/internal/dns/packet/buffer.go:263.19,265.3 1 1
github.com/poyrazK/cloudDNS/internal/dns/packet/buffer.go:266.2,266.12 1 1
github.com/poyrazK/cloudDNS/internal/dns/packet/buffer.go:270.55,271.29 1 1
github.com/poyrazK/cloudDNS/internal/dns/packet/buffer.go:271.29,273.3 1 1
github.com/poyrazK/cloudDNS/internal/dns/packet/buffer.go:274.2,279.19 6 1
github.com/poyrazK/cloudDNS/internal/dns/packet/buffer.go:279.19,281.3 1 1
github.com/poyrazK/cloudDNS/internal/dns/packet/buffer.go:282.2,282.12 1 1
github.com/poyrazK/cloudDNS/internal/dns/packet/buffer.go:286.57,287.31 1 1
github.com/poyrazK/cloudDNS/internal/dns/packet/buffer.go:287.31,289.3 1 1
github.com/poyrazK/cloudDNS/internal/dns/packet/buffer.go:292.2,292.35 1 1
github.com/poyrazK/cloudDNS/internal/dns/packet/buffer.go:292.35,294.3 1 0
github.com/poyrazK/cloudDNS/internal/dns/packet/buffer.go:296.2,297.6 2 1
github.com/poyrazK/cloudDNS/internal/dns/packet/buffer.go:297.6,298.32 1 1
github.com/poyrazK/cloudDNS/internal/dns/packet/buffer.go:298.32,300.4 1 1
github.com/poyrazK/cloudDNS/internal/dns/packet/buffer.go:302.3,302.17 1 1
github.com/poyrazK/cloudDNS/internal/dns/packet/buffer.go:302.17,304.37 2 1
github.com/poyrazK/cloudDNS/internal/dns/packet/buffer.go:304.37,306.5 1 1
github.com/poyrazK/cloudDNS/internal/dns/packet/buffer.go:307.4,307.22 1 1
github.com/poyrazK/cloudDNS/internal/dns/packet/buffer.go:307.22,309.5 1 1
github.com/poyrazK/cloudDNS/internal/dns/packet/buffer.go:312.3,313.19 2 1
github.com/poyrazK/cloudDNS/internal/dns/packet/buffer.go:313.19,315.4 1 0
github.com/poyrazK/cloudDNS/internal/dns/packet/buffer.go:317.3,318.22 2 1
github.com/poyrazK/cloudDNS/internal/dns/packet/buffer.go:318.22,320.4 1 1
github.com/poyrazK/cloudDNS/internal/dns/packet/buffer.go:321.3,321.21 1 1
github.com/poyrazK/cloudDNS/internal/dns/packet/buffer.go:321.21,322.52 1 1
github.com/poyrazK/cloudDNS/internal/dns/packet/buffer.go:322.52,324.5 1 1
github.com/poyrazK/cloudDNS/internal/dns/packet/buffer.go:325.4,325.36 1 1
github.com/poyrazK/cloudDNS/internal/dns/packet/buffer.go:325.36,326.45 1 1
github.com/poyrazK/cloudDNS/internal/dns/packet/buffer.go:326.45,328.6 1 1
github.com/poyrazK/cloudDNS/internal/dns/packet/buffer.go:331.3,331.25 1 1
github.com/poyrazK/cloudDNS/internal/dns/packet/buffer.go:336.69,337.37 1 1
github.com/poyrazK/cloudDNS/internal/dns/packet/buffer.go:337.37,339.3 1 1
github.com/poyrazK/cloudDNS/internal/dns/packet/buffer.go:340.2,341.29 2 1
github.com/poyrazK/cloudDNS/internal/dns/packet/buffer.go:341.29,343.3 1 1
github.com/poyrazK/cloudDNS/internal/dns/packet/buffer.go:344.2,344.19 1 1
github.com/poyrazK/cloudDNS/internal/dns/packet/buffer.go:344.19,346.3 1 1
github.com/poyrazK/cloudDNS/internal/dns/packet/buffer.go:347.2,347.12 1 1
github.com/poyrazK/cloudDNS/internal/dns/packet/dnssec.go:14.44,15.22 1 1
github.com/poyrazK/cloudDNS/internal/dns/packet/dnssec.go:15.22,17.3 1 1
github.com/poyrazK/cloudDNS/internal/dns/packet/dnssec.go:19.2,20.46 2 1
github.com/poyrazK/cloudDNS/internal/dns/packet/dnssec.go:20.46,20.58 1 0
github.com/poyrazK/cloudDNS/internal/dns/packet/dnssec.go:21.2,21.37 1 1
github.com/poyrazK/cloudDNS/internal/dns/packet/dnssec.go:21.37,21.49 1 0
github.com/poyrazK/cloudDNS/internal/dns/packet/dnssec.go:22.2,22.47 1 1
github.com/poyrazK/cloudDNS/internal/dns/packet/dnssec.go:22.47,22.59 1 0
github.com/poyrazK/cloudDNS/internal/dns/packet/dnssec.go:23.2,23.32 1 1
github.com/poyrazK/cloudDNS/internal/dns/packet/dnssec.go:23.32,24.38 1 1
github.com/poyrazK/cloudDNS/internal/dns/packet/dnssec.go:24.38,24.50 1 0
github.com/poyrazK/cloudDNS/internal/dns/packet/dnssec.go:27.2,29.25 3 1
github.com/poyrazK/cloudDNS/internal/dns/packet/dnssec.go:29.25,30.15 1 1
github.com/poyrazK/cloudDNS/internal/dns/packet/dnssec.go:30.15,32.4 1 1
github.com/poyrazK/cloudDNS/internal/dns/packet/dnssec.go:32.9,34.4 1 1
github.com/poyrazK/cloudDNS/internal/dns/packet/dnssec.go:36.2,37.28 2 1
github.com/poyrazK/cloudDNS/internal/dns/packet/dnssec.go:44.68,45.22 1 1
github.com/poyrazK/cloudDNS/internal/dns/packet/dnssec.go:45.22,47.3 1 1
github.com/poyrazK/cloudDNS/internal/dns/packet/dnssec.go:51.2,52.63 2 1
github.com/poyrazK/cloudDNS/internal/dns/packet/dnssec.go:52.63,52.90 1 0
github.com/poyrazK/cloudDNS/internal/dns/packet/dnssec.go:53.2,53.46 1 1
github.com/poyrazK/cloudDNS/internal/dns/packet/dnssec.go:53.46,53.73 1 0
github.com/poyrazK/cloudDNS/internal/dns/packet/dnssec.go:54.2,54.37 1 1
github.com/poyrazK/cloudDNS/internal/dns/packet/dnssec.go:54.37,54.64 1 0
github.com/poyrazK/cloudDNS/internal/dns/packet/dnssec.go:55.2,55.47 1 1
github.com/poyrazK/cloudDNS/internal/dns/packet/dnssec.go:55.47,55.74 1 0
github.com/poyrazK/cloudDNS/internal/dns/packet/dnssec.go:56.2,56.32 1 1
github.com/poyrazK/cloudDNS/internal/dns/packet/dnssec.go:56.32,57.38 1 1
github.com/poyrazK/cloudDNS/internal/dns/packet/dnssec.go:57.38,57.65 1 0
github.com/poyrazK/cloudDNS/internal/dns/packet/dnssec.go:61.2,62.20 2 1
github.com/poyrazK/cloudDNS/internal/dns/packet/dnssec.go:63.9,65.21 2 1
github.com/poyrazK/cloudDNS/internal/dns/packet/dnssec.go:66.9,68.21 2 1
github.com/poyrazK/cloudDNS/internal/dns/packet/dnssec.go:69.10,71.26 1 1
github.com/poyrazK/cloudDNS/internal/dns/packet/dnssec.go:74.2,83.8 1 1
github.com/poyrazK/cloudDNS/internal/dns/packet/dnssec.go:88.147,89.23 1 1
github.com/poyrazK/cloudDNS/internal/dns/packet/dnssec.go:89.23,91.3 1 1
github.com/poyrazK/cloudDNS/internal/dns/packet/dnssec.go:93.2,109.54 3 1
github.com/poyrazK/cloudDNS/internal/dns/packet/dnssec.go:109.54,109.81 1 0
github.com/poyrazK/cloudDNS/internal/dns/packet/dnssec.go:110.2,110.49 1 1
github.com/poyrazK/cloudDNS/internal/dns/packet/dnssec.go:110.49,110.76 1 0
github.com/poyrazK/cloudDNS/internal/dns/packet/dnssec.go:111.2,111.46 1 1
github.com/poyrazK/cloudDNS/internal/dns/packet/dnssec.go:111.46,111.73 1 0
github.com/poyrazK/cloudDNS/internal/dns/packet/dnssec.go:112.2,112.50 1 1
github.com/poyrazK/cloudDNS/internal/dns/packet/dnssec.go:112.50,112.77 1 0
github.com/poyrazK/cloudDNS/internal/dns/packet/dnssec.go:113.2,113.53 1 1
github.com/poyrazK/cloudDNS/internal/dns/packet/dnssec.go:113.53,113.80 1 0
github.com/poyrazK/cloudDNS/internal/dns/packet/dnssec.go:114.2,114.52 1 1
github.com/poyrazK/cloudDNS/internal/dns/packet/dnssec.go:114.52,114.79 1 0
github.com/poyrazK/cloudDNS/internal/dns/packet/dnssec.go:115.2,115.49 1 1
github.com/poyrazK/cloudDNS/internal/dns/packet/dnssec.go:115.49,115.76 1 0
github.com/poyrazK/cloudDNS/internal/dns/packet/dnssec.go:116.2,116.54 1 1
github.com/poyrazK/cloudDNS/internal/dns/packet/dnssec.go:116.54,116.81 1 0
github.com/poyrazK/cloudDNS/internal/dns/packet/dnssec.go:118.2,118.28 1 1
github.com/poyrazK/cloudDNS/internal/dns/packet/dnssec.go:118.28,119.64 1 1
github.com/poyrazK/cloudDNS/internal/dns/packet/dnssec.go:119.64,119.91 1 0
github.com/poyrazK/cloudDNS/internal/dns/packet/dnssec.go:120.3,120.54 1 1
github.com/poyrazK/cloudDNS/internal/dns/packet/dnssec.go:120.54,120.81 1 0
github.com/poyrazK/cloudDNS/internal/dns/packet/dnssec.go:121.3,121.49 1 1
github.com/poyrazK/cloudDNS/internal/dns/packet/dnssec.go:121.49,121.76 1 0
github.com/poyrazK/cloudDNS/internal/dns/packet/dnssec.go:122.3,122.45 1 1
github.com/poyrazK/cloudDNS/internal/dns/packet/dnssec.go:122.45,122.72 1 0
github.com/poyrazK/cloudDNS/internal/dns/packet/dnssec.go:126.2,131.16 5 1
github.com/poyrazK/cloudDNS/internal/dns/packet/dnssec.go:131.16,133.3 1 0
github.com/poyrazK/cloudDNS/internal/dns/packet/dnssec.go:135.2,142.17 7 1
github.com/poyrazK/cloudDNS/internal/dns/packet/dnssec.go:145.35,147.16 2 1
github.com/poyrazK/cloudDNS/internal/dns/packet/dnssec.go:147.16,147.28 1 0
github.com/poyrazK/cloudDNS/internal/dns/packet/dnssec.go:148.2,148.38 1 1
github.com/poyrazK/cloudDNS/internal/dns/packet/nsec3.go:11.76,14.35 2 1
github.com/poyrazK/cloudDNS/internal/dns/packet/nsec3.go:14.35,16.3 1 1
github.com/poyrazK/cloudDNS/internal/dns/packet/nsec3.go:19.2,21.27 3 1
github.com/poyrazK/cloudDNS/internal/dns/packet/nsec3.go:21.27,24.3 2 1
github.com/poyrazK/cloudDNS/internal/dns/packet/nsec3.go:25.2,34.42 6 1
github.com/poyrazK/cloudDNS/internal/dns/packet/nsec3.go:34.42,40.3 5 1
github.com/poyrazK/cloudDNS/internal/dns/packet/nsec3.go:42.2,42.12 1 1
github.com/poyrazK/cloudDNS/internal/dns/packet/nsec3.go:50.39,55.25 4 1
github.com/poyrazK/cloudDNS/internal/dns/packet/nsec3.go:55.25,58.17 3 1
github.com/poyrazK/cloudDNS/internal/dns/packet/nsec3.go:58.17,61.4 2 1
github.com/poyrazK/cloudDNS/internal/dns/packet/nsec3.go:63.2,63.14 1 1
github.com/poyrazK/cloudDNS/internal/dns/packet/nsec3.go:63.14,65.3 1 1
github.com/poyrazK/cloudDNS/internal/dns/packet/nsec3.go:66.2,66.21 1 1
github.com/poyrazK/cloudDNS/internal/dns/packet/packet.go:113.59,114.11 1 1
github.com/poyrazK/cloudDNS/internal/dns/packet/packet.go:115.20,115.29 1 1
github.com/poyrazK/cloudDNS/internal/dns/packet/packet.go:116.21,116.31 1 1
github.com/poyrazK/cloudDNS/internal/dns/packet/packet.go:117.24,117.37 1 1
github.com/poyrazK/cloudDNS/internal/dns/packet/packet.go:118.22,118.33 1 1
github.com/poyrazK/cloudDNS/internal/dns/packet/packet.go:119.21,119.31 1 1
github.com/poyrazK/cloudDNS/internal/dns/packet/packet.go:120.22,120.33 1 1
github.com/poyrazK/cloudDNS/internal/dns/packet/packet.go:121.23,121.35 1 1
github.com/poyrazK/cloudDNS/internal/dns/packet/packet.go:122.22,122.33 1 1
github.com/poyrazK/cloudDNS/internal/dns/packet/packet.go:123.22,123.33 1 0
github.com/poyrazK/cloudDNS/internal/dns/packet/packet.go:124.10,124.25 1 1
github.com/poyrazK/cloudDNS/internal/dns/packet/packet.go:129.36,130.11 1 1
github.com/poyrazK/cloudDNS/internal/dns/packet/packet.go:131.9,131.20 1 1
github.com/poyrazK/cloudDNS/internal/dns/packet/packet.go:132.10,132.22 1 1
github.com/poyrazK/cloudDNS/internal/dns/packet/packet.go:133.13,133.28 1 1
github.com/poyrazK/cloudDNS/internal/dns/packet/packet.go:134.11,134.24 1 1
github.com/poyrazK/cloudDNS/internal/dns/packet/packet.go:135.10,135.22 1 1
github.com/poyrazK/cloudDNS/internal/dns/packet/packet.go:136.11,136.24 1 1
github.com/poyrazK/cloudDNS/internal/dns/packet/packet.go:137.12,137.26 1 1
github.com/poyrazK/cloudDNS/internal/dns/packet/packet.go:138.11,138.24 1 1
github.com/poyrazK/cloudDNS/internal/dns/packet/packet.go:139.10,139.22 1 1
github.com/poyrazK/cloudDNS/internal/dns/packet/packet.go:140.13,140.28 1 1
github.com/poyrazK/cloudDNS/internal/dns/packet/packet.go:141.12,141.26 1 1
github.com/poyrazK/cloudDNS/internal/dns/packet/packet.go:142.14,142.30 1 1
github.com/poyrazK/cloudDNS/internal/dns/packet/packet.go:143.13,143.28 1 1
github.com/poyrazK/cloudDNS/internal/dns/packet/packet.go:144.18,144.38 1 1
github.com/poyrazK/cloudDNS/internal/dns/packet/packet.go:145.12,145.26 1 1
github.com/poyrazK/cloudDNS/internal/dns/packet/packet.go:146.12,146.26 1 1
github.com/poyrazK/cloudDNS/internal/dns/packet/packet.go:147.11,147.24 1 1
github.com/poyrazK/cloudDNS/internal/dns/packet/packet.go:148.11,148.24 1 1
github.com/poyrazK/cloudDNS/internal/dns/packet/packet.go:149.12,149.26 1 1
github.com/poyrazK/cloudDNS/internal/dns/packet/packet.go:150.11,150.24 1 1
github.com/poyrazK/cloudDNS/internal/dns/packet/packet.go:151.10,151.42 1 1
github.com/poyrazK/cloudDNS/internal/dns/packet/packet.go:219.32,221.2 1 1
github.com/poyrazK/cloudDNS/internal/dns/packet/packet.go:224.58,227.16 3 1
github.com/poyrazK/cloudDNS/internal/dns/packet/packet.go:227.16,227.30 1 1
github.com/poyrazK/cloudDNS/internal/dns/packet/packet.go:229.2,230.16 2 1
github.com/poyrazK/cloudDNS/internal/dns/packet/packet.go:230.16,230.30 1 1
github.com/poyrazK/cloudDNS/internal/dns/packet/packet.go:232.2,248.16 14 1
github.com/poyrazK/cloudDNS/internal/dns/packet/packet.go:248.16,248.30 1 1
github.com/poyrazK/cloudDNS/internal/dns/packet/packet.go:249.2,250.16 2 1
github.com/poyrazK/cloudDNS/internal/dns/packet/packet.go:250.16,250.30 1 0
github.com/poyrazK/cloudDNS/internal/dns/packet/packet.go:251.2,252.16 2 1
github.com/poyrazK/cloudDNS/internal/dns/packet/packet.go:252.16,252.30 1 0
github.com/poyrazK/cloudDNS/internal/dns/packet/packet.go:253.2,254.16 2 1
github.com/poyrazK/cloudDNS/internal/dns/packet/packet.go:254.16,254.30 1 0
github.com/poyrazK/cloudDNS/internal/dns/packet/packet.go:256.2,256.12 1 1
github.com/poyrazK/cloudDNS/internal/dns/packet/packet.go:260.59,261.46 1 1
github.com/poyrazK/cloudDNS/internal/dns/packet/packet.go:261.46,261.60 1 1
github.com/poyrazK/cloudDNS/internal/dns/packet/packet.go:263.2,264.16 2 1
github.com/poyrazK/cloudDNS/internal/dns/packet/packet.go:264.16,264.38 1 1
github.com/poyrazK/cloudDNS/internal/dns/packet/packet.go:265.2,266.27 2 1
github.com/poyrazK/cloudDNS/internal/dns/packet/packet.go:266.27,266.49 1 1
github.com/poyrazK/cloudDNS/internal/dns/packet/packet.go:267.2,267.24 1 1
github.com/poyrazK/cloudDNS/internal/dns/packet/packet.go:267.24,267.45 1 1
github.com/poyrazK/cloudDNS/internal/dns/packet/packet.go:268.2,268.24 1 1
github.com/poyrazK/cloudDNS/internal/dns/packet/packet.go:268.24,268.45 1 1
github.com/poyrazK/cloudDNS/internal/dns/packet/packet.go:269.2,269.26 1 1
github.com/poyrazK/cloudDNS/internal/dns/packet/packet.go:269.26,269.47 1 1
github.com/poyrazK/cloudDNS/internal/dns/packet/packet.go:270.2,270.9 1 1
github.com/poyrazK/cloudDNS/internal/dns/packet/packet.go:270.9,270.30 1 1
github.com/poyrazK/cloudDNS/internal/dns/packet/packet.go:271.2,271.18 1 1
github.com/poyrazK/cloudDNS/internal/dns/packet/packet.go:271.18,271.39 1 1
github.com/poyrazK/cloudDNS/internal/dns/packet/packet.go:272.2,272.24 1 1
github.com/poyrazK/cloudDNS/internal/dns/packet/packet.go:272.24,272.45 1 1
github.com/poyrazK/cloudDNS/internal/dns/packet/packet.go:273.2,275.47 2 1
github.com/poyrazK/cloudDNS/internal/dns/packet/packet.go:275.47,275.61 1 0
github.com/poyrazK/cloudDNS/internal/dns/packet/packet.go:276.2,276.53 1 1
github.com/poyrazK/cloudDNS/internal/dns/packet/packet.go:276.53,276.67 1 0
github.com/poyrazK/cloudDNS/internal/dns/packet/packet.go:277.2,277.51 1 1
github.com/poyrazK/cloudDNS/internal/dns/packet/packet.go:277.51,277.65 1 0
github.com/poyrazK/cloudDNS/internal/dns/packet/packet.go:278.2,278.64 1 1
github.com/poyrazK/cloudDNS/internal/dns/packet/packet.go:278.64,278.78 1 0
github.com/poyrazK/cloudDNS/internal/dns/packet/packet.go:279.2,279.59 1 1
github.com/poyrazK/cloudDNS/internal/dns/packet/packet.go:279.59,279.73 1 0
github.com/poyrazK/cloudDNS/internal/dns/packet/packet.go:281.2,281.12 1 1
github.com/poyrazK/cloudDNS/internal/dns/packet/packet.go:292.64,298.2 1 1
github.com/poyrazK/cloudDNS/internal/dns/packet/packet.go:301.60,304.16 3 1
github.com/poyrazK/cloudDNS/internal/dns/packet/packet.go:304.16,304.30 1 0
github.com/poyrazK/cloudDNS/internal/dns/packet/packet.go:306.2,307.16 2 1
github.com/poyrazK/cloudDNS/internal/dns/packet/packet.go:307.16,307.30 1 0
github.com/poyrazK/cloudDNS/internal/dns/packet/packet.go:308.2,311.16 3 1
github.com/poyrazK/cloudDNS/internal/dns/packet/packet.go:311.16,311.30 1 0
github.com/poyrazK/cloudDNS/internal/dns/packet/packet.go:312.2,314.12 2 1
github.com/poyrazK/cloudDNS/internal/dns/packet/packet.go:318.61,319.49 1 1
github.com/poyrazK/cloudDNS/internal/dns/packet/packet.go:319.49,321.3 1 1
github.com/poyrazK/cloudDNS/internal/dns/packet/packet.go:322.2,322.57 1 1
github.com/poyrazK/cloudDNS/internal/dns/packet/packet.go:322.57,324.3 1 0
github.com/poyrazK/cloudDNS/internal/dns/packet/packet.go:325.2,326.16 2 1
github.com/poyrazK/cloudDNS/internal/dns/packet/packet.go:326.16,328.3 1 1
github.com/poyrazK/cloudDNS/internal/dns/packet/packet.go:329.2,329.47 1 1
github.com/poyrazK/cloudDNS/internal/dns/packet/packet.go:329.47,331.3 1 0
github.com/poyrazK/cloudDNS/internal/dns/packet/packet.go:332.2,332.12 1 1
github.com/poyrazK/cloudDNS/internal/dns/packet/packet.go:408.54,410.16 2 1
github.com/poyrazK/cloudDNS/internal/dns/packet/packet.go:410.16,412.3 1 1
github.com/poyrazK/cloudDNS/internal/dns/packet/packet.go:413.2,413.65 1 1
github.com/poyrazK/cloudDNS/internal/dns/packet/packet.go:417.58,420.16 3 1
github.com/poyrazK/cloudDNS/internal/dns/packet/packet.go:420.16,420.30 1 0
github.com/poyrazK/cloudDNS/internal/dns/packet/packet.go:422.2,423.16 2 1
github.com/poyrazK/cloudDNS/internal/dns/packet/packet.go:423.16,423.30 1 0
github.com/poyrazK/cloudDNS/internal/dns/packet/packet.go:424.2,427.16 3 1
github.com/poyrazK/cloudDNS/internal/dns/packet/packet.go:427.16,427.30 1 0
github.com/poyrazK/cloudDNS/internal/dns/packet/packet.go:429.2,430.16 2 1
github.com/poyrazK/cloudDNS/internal/dns/packet/packet.go:430.16,430.30 1 0
github.com/poyrazK/cloudDNS/internal/dns/packet/packet.go:432.2,433.23 2 1
github.com/poyrazK/cloudDNS/internal/dns/packet/packet.go:433.23,433.44 1 0
github.com/poyrazK/cloudDNS/internal/dns/packet/packet.go:434.2,436.35 2 1
github.com/poyrazK/cloudDNS/internal/dns/packet/packet.go:436.35,438.3 1 1
github.com/poyrazK/cloudDNS/internal/dns/packet/packet.go:440.2,440.16 1 1
github.com/poyrazK/cloudDNS/internal/dns/packet/packet.go:441.9,443.21 2 1
github.com/poyrazK/cloudDNS/internal/dns/packet/packet.go:443.21,443.39 1 1
github.com/poyrazK/cloudDNS/internal/dns/packet/packet.go:444.3,445.48 2 1
github.com/poyrazK/cloudDNS/internal/dns/packet/packet.go:445.48,445.66 1 0
github.com/poyrazK/cloudDNS/internal/dns/packet/packet.go:446.12,448.21 2 1
github.com/poyrazK/cloudDNS/internal/dns/packet/packet.go:448.21,448.39 1 1
github.com/poyrazK/cloudDNS/internal/dns/packet/packet.go:449.3,450.49 2 1
github.com/poyrazK/cloudDNS/internal/dns/packet/packet.go:450.49,450.67 1 0
github.com/poyrazK/cloudDNS/internal/dns/packet/packet.go:451.42,453.17 2 1
github.com/poyrazK/cloudDNS/internal/dns/packet/packet.go:453.17,453.31 1 0
github.com/poyrazK/cloudDNS/internal/dns/packet/packet.go:454.10,455.53 1 1
github.com/poyrazK/cloudDNS/internal/dns/packet/packet.go:455.53,455.67 1 0
github.com/poyrazK/cloudDNS/internal/dns/packet/packet.go:456.3,456.50 1 1
github.com/poyrazK/cloudDNS/internal/dns/packet/packet.go:456.50,456.64 1 1
github.com/poyrazK/cloudDNS/internal/dns/packet/packet.go:457.11,458.53 1 1
github.com/poyrazK/cloudDNS/internal/dns/packet/packet.go:458.53,458.67 1 0
github.com/poyrazK/cloudDNS/internal/dns/packet/packet.go:459.3,459.51 1 1
github.com/poyrazK/cloudDNS/internal/dns/packet/packet.go:459.51,459.65 1 0
github.com/poyrazK/cloudDNS/internal/dns/packet/packet.go:460.3,460.49 1 1
github.com/poyrazK/cloudDNS/internal/dns/packet/packet.go:460.49,460.63 1 0
github.com/poyrazK/cloudDNS/internal/dns/packet/packet.go:461.3,461.50 1 1
github.com/poyrazK/cloudDNS/internal/dns/packet/packet.go:461.50,461.64 1 0
github.com/poyrazK/cloudDNS/internal/dns/packet/packet.go:462.11,464.24 2 1
github.com/poyrazK/cloudDNS/internal/dns/packet/packet.go:464.24,464.45 1 0
github.com/poyrazK/cloudDNS/internal/dns/packet/packet.go:465.3,466.22 2 1
github.com/poyrazK/cloudDNS/internal/dns/packet/packet.go:466.22,466.41 1 1
github.com/poyrazK/cloudDNS/internal/dns/packet/packet.go:467.3,468.58 2 1
github.com/poyrazK/cloudDNS/internal/dns/packet/packet.go:468.58,468.76 1 0
github.com/poyrazK/cloudDNS/internal/dns/packet/packet.go:469.11,470.51 1 1
github.com/poyrazK/cloudDNS/internal/dns/packet/packet.go:470.51,470.65 1 0
github.com/poyrazK/cloudDNS/internal/dns/packet/packet.go:471.3,471.51 1 1
github.com/poyrazK/cloudDNS/internal/dns/packet/packet.go:471.51,471.65 1 1
github.com/poyrazK/cloudDNS/internal/dns/packet/packet.go:472.3,472.51 1 1
github.com/poyrazK/cloudDNS/internal/dns/packet/packet.go:472.51,472.65 1 0
github.com/poyrazK/cloudDNS/internal/dns/packet/packet.go:473.3,473.52 1 1
github.com/poyrazK/cloudDNS/internal/dns/packet/packet.go:473.52,473.66 1 0
github.com/poyrazK/cloudDNS/internal/dns/packet/packet.go:474.3,474.50 1 1
github.com/poyrazK/cloudDNS/internal/dns/packet/packet.go:474.50,474.64 1 0
github.com/poyrazK/cloudDNS/internal/dns/packet/packet.go:475.3,475.51 1 1
github.com/poyrazK/cloudDNS/internal/dns/packet/packet.go:475.51,475.65 1 0
github.com/poyrazK/cloudDNS/internal/dns/packet/packet.go:476.3,476.52 1 1
github.com/poyrazK/cloudDNS/internal/dns/packet/packet.go:476.52,476.66 1 0
github.com/poyrazK/cloudDNS/internal/dns/packet/packet.go:477.13,479.24 2 1
github.com/poyrazK/cloudDNS/internal/dns/packet/packet.go:479.24,479.45 1 0
github.com/poyrazK/cloudDNS/internal/dns/packet/packet.go:480.3,481.22 2 1
github.com/poyrazK/cloudDNS/internal/dns/packet/packet.go:481.22,481.41 1 1
github.com/poyrazK/cloudDNS/internal/dns/packet/packet.go:482.3,483.58 2 1
github.com/poyrazK/cloudDNS/internal/dns/packet/packet.go:483.58,483.76 1 0
github.com/poyrazK/cloudDNS/internal/dns/packet/packet.go:484.3,485.23 2 1
github.com/poyrazK/cloudDNS/internal/dns/packet/packet.go:485.23,485.43 1 0
github.com/poyrazK/cloudDNS/internal/dns/packet/packet.go:486.3,487.23 2 1
github.com/poyrazK/cloudDNS/internal/dns/packet/packet.go:487.23,487.43 1 0
github.com/poyrazK/cloudDNS/internal/dns/packet/packet.go:488.3,489.59 2 1
github.com/poyrazK/cloudDNS/internal/dns/packet/packet.go:489.59,489.78 1 0
github.com/poyrazK/cloudDNS/internal/dns/packet/packet.go:490.13,491.53 1 1
github.com/poyrazK/cloudDNS/internal/dns/packet/packet.go:491.53,491.67 1 0
github.com/poyrazK/cloudDNS/internal/dns/packet/packet.go:492.3,492.53 1 1
github.com/poyrazK/cloudDNS/internal/dns/packet/packet.go:492.53,492.67 1 1
github.com/poyrazK/cloudDNS/internal/dns/packet/packet.go:493.12,494.54 1 1
github.com/poyrazK/cloudDNS/internal/dns/packet/packet.go:494.54,494.68 1 0
github.com/poyrazK/cloudDNS/internal/dns/packet/packet.go:495.3,496.85 2 1
github.com/poyrazK/cloudDNS/internal/dns/packet/packet.go:496.85,496.99 1 1
github.com/poyrazK/cloudDNS/internal/dns/packet/packet.go:497.3,497.56 1 1
github.com/poyrazK/cloudDNS/internal/dns/packet/packet.go:497.56,497.74 1 0
github.com/poyrazK/cloudDNS/internal/dns/packet/packet.go:498.14,499.50 1 1
github.com/poyrazK/cloudDNS/internal/dns/packet/packet.go:499.50,499.64 1 0
github.com/poyrazK/cloudDNS/internal/dns/packet/packet.go:500.3,500.60 1 1
github.com/poyrazK/cloudDNS/internal/dns/packet/packet.go:500.60,500.83 1 0
github.com/poyrazK/cloudDNS/internal/dns/packet/packet.go:501.3,501.51 1 1
github.com/poyrazK/cloudDNS/internal/dns/packet/packet.go:501.51,501.65 1 1
github.com/poyrazK/cloudDNS/internal/dns/packet/packet.go:502.3,503.84 2 1
github.com/poyrazK/cloudDNS/internal/dns/packet/packet.go:503.84,503.98 1 0
github.com/poyrazK/cloudDNS/internal/dns/packet/packet.go:504.3,504.56 1 1
github.com/poyrazK/cloudDNS/internal/dns/packet/packet.go:504.56,504.74 1 0
github.com/poyrazK/cloudDNS/internal/dns/packet/packet.go:505.13,506.56 1 1
github.com/poyrazK/cloudDNS/internal/dns/packet/packet.go:506.56,506.70 1 0
github.com/poyrazK/cloudDNS/internal/dns/packet/packet.go:507.3,507.51 1 1
github.com/poyrazK/cloudDNS/internal/dns/packet/packet.go:507.51,507.65 1 0
github.com/poyrazK/cloudDNS/internal/dns/packet/packet.go:508.3,508.48 1 1
github.com/poyrazK/cloudDNS/internal/dns/packet/packet.go:508.48,508.62 1 1
github.com/poyrazK/cloudDNS/internal/dns/packet/packet.go:509.3,509.52 1 1
github.com/poyrazK/cloudDNS/internal/dns/packet/packet.go:509.52,509.66 1 0
github.com/poyrazK/cloudDNS/internal/dns/packet/packet.go:510.3,510.55 1 1
github.com/poyrazK/cloudDNS/internal/dns/packet/packet.go:510.55,510.69 1 0
github.com/poyrazK/cloudDNS/internal/dns/packet/packet.go:511.3,511.54 1 1
github.com/poyrazK/cloudDNS/internal/dns/packet/packet.go:511.54,511.68 1 0
github.com/poyrazK/cloudDNS/internal/dns/packet/packet.go:512.3,512.51 1 1
github.com/poyrazK/cloudDNS/internal/dns/packet/packet.go:512.51,512.65 1 0
github.com/poyrazK/cloudDNS/internal/dns/packet/packet.go:513.3,513.56 1 1
github.com/poyrazK/cloudDNS/internal/dns/packet/packet.go:513.56,513.70 1 0
github.com/poyrazK/cloudDNS/internal/dns/packet/packet.go:514.3,515.84 2 1
github.com/poyrazK/cloudDNS/internal/dns/packet/packet.go:515.84,515.98 1 0
github.com/poyrazK/cloudDNS/internal/dns/packet/packet.go:516.3,516.56 1 1
github.com/poyrazK/cloudDNS/internal/dns/packet/packet.go:516.56,516.74 1 0
github.com/poyrazK/cloudDNS/internal/dns/packet/packet.go:517.13,518.49 1 1
github.com/poyrazK/cloudDNS/internal/dns/packet/packet.go:518.49,518.63 1 0
github.com/poyrazK/cloudDNS/internal/dns/packet/packet.go:519.3,519.60 1 1
github.com/poyrazK/cloudDNS/internal/dns/packet/packet.go:519.60,519.83 1 0
github.com/poyrazK/cloudDNS/internal/dns/packet/packet.go:520.3,520.55 1 1
github.com/poyrazK/cloudDNS/internal/dns/packet/packet.go:520.55,520.69 1 0
github.com/poyrazK/cloudDNS/internal/dns/packet/packet.go:521.3,522.25 2 1
github.com/poyrazK/cloudDNS/internal/dns/packet/packet.go:522.25,522.47 1 1
github.com/poyrazK/cloudDNS/internal/dns/packet/packet.go:523.3,523.82 1 1
github.com/poyrazK/cloudDNS/internal/dns/packet/packet.go:523.82,523.96 1 0
github.com/poyrazK/cloudDNS/internal/dns/packet/packet.go:524.3,524.59 1 1
github.com/poyrazK/cloudDNS/internal/dns/packet/packet.go:524.59,524.77 1 0
github.com/poyrazK/cloudDNS/internal/dns/packet/packet.go:525.3,526.25 2 1
github.com/poyrazK/cloudDNS/internal/dns/packet/packet.go:526.25,526.47 1 0
github.com/poyrazK/cloudDNS/internal/dns/packet/packet.go:527.3,527.86 1 1
github.com/poyrazK/cloudDNS/internal/dns/packet/packet.go:527.86,527.100 1 0
github.com/poyrazK/cloudDNS/internal/dns/packet/packet.go:528.3,528.61 1 1
github.com/poyrazK/cloudDNS/internal/dns/packet/packet.go:528.61,528.80 1 0
github.com/poyrazK/cloudDNS/internal/dns/packet/packet.go:529.3,530.85 2 1
github.com/poyrazK/cloudDNS/internal/dns/packet/packet.go:530.85,530.99 1 0
github.com/poyrazK/cloudDNS/internal/dns/packet/packet.go:531.3,531.58 1 1
github.com/poyrazK/cloudDNS/internal/dns/packet/packet.go:531.58,531.77 1 0
github.com/poyrazK/cloudDNS/internal/dns/packet/packet.go:532.18,533.49 1 1
github.com/poyrazK/cloudDNS/internal/dns/packet/packet.go:533.49,533.63 1 0
github.com/poyrazK/cloudDNS/internal/dns/packet/packet.go:534.3,534.60 1 1
github.com/poyrazK/cloudDNS/internal/dns/packet/packet.go:534.60,534.83 1 0
github.com/poyrazK/cloudDNS/internal/dns/packet/packet.go:535.3,535.55 1 1
github.com/poyrazK/cloudDNS/internal/dns/packet/packet.go:535.55,535.69 1 0
github.com/poyrazK/cloudDNS/internal/dns/packet/packet.go:536.3,537.25 2 1
github.com/poyrazK/cloudDNS/internal/dns/packet/packet.go:537.25,537.47 1 0
github.com/poyrazK/cloudDNS/internal/dns/packet/packet.go:538.3,538.82 1 1
github.com/poyrazK/cloudDNS/internal/dns/packet/packet.go:538.82,538.96 1 0
github.com/poyrazK/cloudDNS/internal/dns/packet/packet.go:539.3,539.59 1 1
github.com/poyrazK/cloudDNS/internal/dns/packet/packet.go:539.59,539.77 1 0
github.com/poyrazK/cloudDNS/internal/dns/packet/packet.go:540.10,541.51 1 1
github.com/poyrazK/cloudDNS/internal/dns/packet/packet.go:541.51,541.65 1 0
github.com/poyrazK/cloudDNS/internal/dns/packet/packet.go:542.3,542.51 1 1
github.com/poyrazK/cloudDNS/internal/dns/packet/packet.go:542.51,542.65 1 0
github.com/poyrazK/cloudDNS/internal/dns/packet/packet.go:543.3,543.52 1 1
github.com/poyrazK/cloudDNS/internal/dns/packet/packet.go:543.52,543.66 1 1
github.com/poyrazK/cloudDNS/internal/dns/packet/packet.go:544.3,545.81 2 1
github.com/poyrazK/cloudDNS/internal/dns/packet/packet.go:545.81,545.95 1 0
github.com/poyrazK/cloudDNS/internal/dns/packet/packet.go:546.3,546.56 1 1
[...]
github.com/poyrazK/cloudDNS/internal/dns/server/server.go:1112.2,1112.12 1 1
github.com/poyrazK/cloudDNS/internal/dns/server/server.go:1115.113,1131.2 13 1
github.com/poyrazK/cloudDNS/internal/dns/server/server.go:1133.120,1162.2 23 1
github.com/poyrazK/cloudDNS/internal/dns/server/server.go:1164.94,1169.2 4 1
github.com/poyrazK/cloudDNS/internal/dns/server/server.go:1176.37,1176.53 1 1
github.com/poyrazK/cloudDNS/internal/dns/server/server.go:1178.84,1181.20 3 1
github.com/poyrazK/cloudDNS/internal/dns/server/server.go:1181.20,1183.3 1 0
github.com/poyrazK/cloudDNS/internal/dns/server/server.go:1185.2,1185.18 1 1
github.com/poyrazK/cloudDNS/internal/dns/server/server.go:1186.11,1187.21 1 1
github.com/poyrazK/cloudDNS/internal/dns/server/server.go:1187.21,1188.25 1 1
github.com/poyrazK/cloudDNS/internal/dns/server/server.go:1188.25,1190.5 1 1
github.com/poyrazK/cloudDNS/internal/dns/server/server.go:1191.9,1192.25 1 1
github.com/poyrazK/cloudDNS/internal/dns/server/server.go:1192.25,1194.5 1 1
github.com/poyrazK/cloudDNS/internal/dns/server/server.go:1196.11,1197.21 1 1
github.com/poyrazK/cloudDNS/internal/dns/server/server.go:1197.21,1198.24 1 1
github.com/poyrazK/cloudDNS/internal/dns/server/server.go:1198.24,1200.5 1 1
github.com/poyrazK/cloudDNS/internal/dns/server/server.go:1201.9,1202.24 1 1
github.com/poyrazK/cloudDNS/internal/dns/server/server.go:1202.24,1204.5 1 1
github.com/poyrazK/cloudDNS/internal/dns/server/server.go:1206.10,1207.24 1 0
github.com/poyrazK/cloudDNS/internal/dns/server/server.go:1207.24,1209.4 1 0
github.com/poyrazK/cloudDNS/internal/dns/server/server.go:1212.2,1212.12 1 1
github.com/poyrazK/cloudDNS/internal/dns/server/server.go:1220.97,1223.37 2 1
github.com/poyrazK/cloudDNS/internal/dns/server/server.go:1223.37,1225.3 1 0
github.com/poyrazK/cloudDNS/internal/dns/server/server.go:1227.2,1227.18 1 1
github.com/poyrazK/cloudDNS/internal/dns/server/server.go:1228.11,1229.21 1 1
github.com/poyrazK/cloudDNS/internal/dns/server/server.go:1229.21,1231.4 1 0
github.com/poyrazK/cloudDNS/internal/dns/server/server.go:1233.3,1234.75 2 1
github.com/poyrazK/cloudDNS/internal/dns/server/server.go:1236.11,1239.21 3 1
github.com/poyrazK/cloudDNS/internal/dns/server/server.go:1239.21,1241.4 1 0
github.com/poyrazK/cloudDNS/internal/dns/server/server.go:1243.3,1243.83 1 1
github.com/poyrazK/cloudDNS/internal/dns/server/server.go:1245.10,1247.21 2 1
github.com/poyrazK/cloudDNS/internal/dns/server/server.go:1247.21,1249.4 1 0
github.com/poyrazK/cloudDNS/internal/dns/server/server.go:1250.3,1251.20 2 1
github.com/poyrazK/cloudDNS/internal/dns/server/server.go:1251.20,1256.4 3 1
github.com/poyrazK/cloudDNS/internal/dns/server/server.go:1257.3,1257.30 1 1
github.com/poyrazK/cloudDNS/internal/dns/server/server.go:1257.30,1260.4 2 1
github.com/poyrazK/cloudDNS/internal/dns/server/server.go:1261.3,1261.41 1 1
github.com/poyrazK/cloudDNS/internal/dns/server/server.go:1265.48,1270.37 4 1
github.com/poyrazK/cloudDNS/internal/dns/server/server.go:1270.37,1272.3 1 0
github.com/poyrazK/cloudDNS/internal/dns/server/server.go:1274.2,1275.18 2 1
github.com/poyrazK/cloudDNS/internal/dns/server/server.go:1275.18,1277.3 1 0
github.com/poyrazK/cloudDNS/internal/dns/server/server.go:1279.2,1279.31 1 1
github.com/poyrazK/cloudDNS/internal/dns/server/server.go:1279.31,1281.37 2 1
github.com/poyrazK/cloudDNS/internal/dns/server/server.go:1281.37,1282.12 1 0
github.com/poyrazK/cloudDNS/internal/dns/server/server.go:1285.3,1285.26 1 1
github.com/poyrazK/cloudDNS/internal/dns/server/server.go:1285.26,1288.32 2 1
github.com/poyrazK/cloudDNS/internal/dns/server/server.go:1288.32,1290.5 1 0
github.com/poyrazK/cloudDNS/internal/dns/server/server.go:1292.4,1293.28 2 1
github.com/poyrazK/cloudDNS/internal/dns/server/server.go:1293.28,1294.13 1 0
github.com/poyrazK/cloudDNS/internal/dns/server/server.go:1297.4,1317.22 13 1
github.com/poyrazK/cloudDNS/internal/dns/server/server.go:1317.22,1320.5 2 1
github.com/poyrazK/cloudDNS/internal/dns/server/server.go:1321.4,1321.25 1 1
github.com/poyrazK/cloudDNS/internal/dns/server/server.go:1326.115,1328.24 2 1
github.com/poyrazK/cloudDNS/internal/dns/server/server.go:1328.24,1330.3 1 0
github.com/poyrazK/cloudDNS/internal/dns/server/server.go:1332.2,1337.28 5 1
github.com/poyrazK/cloudDNS/internal/dns/server/server.go:1337.28,1338.20 1 1
github.com/poyrazK/cloudDNS/internal/dns/server/server.go:1338.20,1341.4 2 1
github.com/poyrazK/cloudDNS/internal/dns/server/server.go:1342.3,1342.60 1 1
github.com/poyrazK/cloudDNS/internal/dns/server/server.go:1345.2,1345.27 1 1
github.com/poyrazK/cloudDNS/internal/dns/server/server.go:1345.27,1347.3 1 0
github.com/poyrazK/cloudDNS/internal/dns/server/server.go:1349.2,1351.40 3 1
github.com/poyrazK/cloudDNS/internal/dns/server/server.go:1351.40,1353.14 2 1
github.com/poyrazK/cloudDNS/internal/dns/server/server.go:1353.14,1354.14 1 1
github.com/poyrazK/cloudDNS/internal/dns/server/server.go:1354.14,1357.5 2 0
github.com/poyrazK/cloudDNS/internal/dns/server/server.go:1357.10,1360.5 2 1
github.com/poyrazK/cloudDNS/internal/dns/server/server.go:1361.4,1362.9 2 1
github.com/poyrazK/cloudDNS/internal/dns/server/server.go:1364.3,1364.15 1 1
github.com/poyrazK/cloudDNS/internal/dns/server/server.go:1364.15,1366.31 2 0
github.com/poyrazK/cloudDNS/internal/dns/server/server.go:1366.31,1368.5 1 0
github.com/poyrazK/cloudDNS/internal/dns/server/server.go:1368.10,1370.5 1 0
github.com/poyrazK/cloudDNS/internal/dns/server/server.go:1371.4,1372.9 2 0
github.com/poyrazK/cloudDNS/internal/dns/server/server.go:1376.2,1376.12 1 1
github.com/poyrazK/cloudDNS/internal/dns/server/server.go:1376.12,1379.3 2 1
github.com/poyrazK/cloudDNS/internal/dns/server/server.go:1381.2,1394.18 5 1
github.com/poyrazK/cloudDNS/internal/dns/server/server.go:1397.116,1399.42 2 1
github.com/poyrazK/cloudDNS/internal/dns/server/server.go:1399.42,1401.3 1 1
github.com/poyrazK/cloudDNS/internal/dns/server/server.go:1403.2,1404.20 2 1
github.com/poyrazK/cloudDNS/internal/dns/server/server.go:1404.20,1406.3 1 0
github.com/poyrazK/cloudDNS/internal/dns/server/server.go:1408.2,1414.17 7 1
github.com/poyrazK/cloudDNS/internal/dns/server/server.go:1414.17,1416.3 1 0
github.com/poyrazK/cloudDNS/internal/dns/server/server.go:1418.2,1422.28 5 1
github.com/poyrazK/cloudDNS/internal/dns/server/server.go:1422.28,1423.20 1 1
github.com/poyrazK/cloudDNS/internal/dns/server/server.go:1423.20,1426.4 2 1
github.com/poyrazK/cloudDNS/internal/dns/server/server.go:1427.3,1427.60 1 1
github.com/poyrazK/cloudDNS/internal/dns/server/server.go:1430.2,1431.34 2 1
github.com/poyrazK/cloudDNS/internal/dns/server/server.go:1431.34,1434.3 2 1
github.com/poyrazK/cloudDNS/internal/dns/server/server.go:1436.2,1436.22 1 1
github.com/poyrazK/cloudDNS/internal/dns/server/server.go:1436.22,1438.3 1 0
github.com/poyrazK/cloudDNS/internal/dns/server/server.go:1440.2,1440.41 1 1
github.com/poyrazK/cloudDNS/internal/dns/server/server.go:1440.41,1442.3 1 1
github.com/poyrazK/cloudDNS/internal/dns/server/server.go:1444.2,1447.35 4 1
github.com/poyrazK/cloudDNS/internal/dns/server/server.go:1447.35,1449.14 2 1
github.com/poyrazK/cloudDNS/internal/dns/server/server.go:1449.14,1450.14 1 0
github.com/poyrazK/cloudDNS/internal/dns/server/server.go:1450.14,1453.5 2 0
github.com/poyrazK/cloudDNS/internal/dns/server/server.go:1453.10,1456.5 2 0
github.com/poyrazK/cloudDNS/internal/dns/server/server.go:1457.4,1458.9 2 0
github.com/poyrazK/cloudDNS/internal/dns/server/server.go:1460.3,1460.15 1 1
github.com/poyrazK/cloudDNS/internal/dns/server/server.go:1460.15,1462.26 2 0
github.com/poyrazK/cloudDNS/internal/dns/server/server.go:1462.26,1464.5 1 0
github.com/poyrazK/cloudDNS/internal/dns/server/server.go:1464.10,1466.5 1 0
github.com/poyrazK/cloudDNS/internal/dns/server/server.go:1467.4,1468.9 2 0
github.com/poyrazK/cloudDNS/internal/dns/server/server.go:1471.2,1471.12 1 1
github.com/poyrazK/cloudDNS/internal/dns/server/server.go:1471.12,1474.3 2 1
github.com/poyrazK/cloudDNS/internal/dns/server/server.go:1476.2,1493.19 5 1
github.com/poyrazK/cloudDNS/internal/dns/server/server.go:1501.71,1504.26 3 1
github.com/poyrazK/cloudDNS/internal/dns/server/server.go:1504.26,1506.14 2 1
github.com/poyrazK/cloudDNS/internal/dns/server/server.go:1506.14,1507.19 1 1
github.com/poyrazK/cloudDNS/internal/dns/server/server.go:1507.19,1509.5 1 1
github.com/poyrazK/cloudDNS/internal/dns/server/server.go:1510.4,1510.20 1 1
github.com/poyrazK/cloudDNS/internal/dns/server/server.go:1510.20,1512.5 1 1
github.com/poyrazK/cloudDNS/internal/dns/server/server.go:1514.3,1514.26 1 1
github.com/poyrazK/cloudDNS/internal/dns/server/server.go:1514.26,1515.12 1 1
github.com/poyrazK/cloudDNS/internal/dns/server/server.go:1518.3,1521.29 4 1
github.com/poyrazK/cloudDNS/internal/dns/server/server.go:1521.29,1523.4 1 1
github.com/poyrazK/cloudDNS/internal/dns/server/server.go:1526.2,1529.12 4 1
github.com/poyrazK/cloudDNS/internal/dns/server/server.go:1532.70,1533.15 1 1
github.com/poyrazK/cloudDNS/internal/dns/server/server.go:1534.16,1535.22 1 1
github.com/poyrazK/cloudDNS/internal/dns/server/server.go:1536.19,1537.25 1 1
github.com/poyrazK/cloudDNS/internal/dns/server/server.go:1538.20,1539.26 1 1
github.com/poyrazK/cloudDNS/internal/dns/server/server.go:1540.17,1541.23 1 1
github.com/poyrazK/cloudDNS/internal/dns/server/server.go:1542.17,1543.23 1 1
github.com/poyrazK/cloudDNS/internal/dns/server/server.go:1544.18,1545.24 1 1
github.com/poyrazK/cloudDNS/internal/dns/server/server.go:1546.18,1547.24 1 1
github.com/poyrazK/cloudDNS/internal/dns/server/server.go:1548.18,1549.24 1 0
github.com/poyrazK/cloudDNS/internal/dns/server/server.go:1550.18,1551.24 1 1
github.com/poyrazK/cloudDNS/internal/dns/server/server.go:1552.18,1553.12 1 1
github.com/poyrazK/cloudDNS/internal/dns/server/server.go:1554.10,1555.12 1 1
github.com/poyrazK/cloudDNS/cmd/bench/main.go:50.13,60.15 9 1
github.com/poyrazK/cloudDNS/cmd/bench/main.go:61.14,62.23 1 1
github.com/poyrazK/cloudDNS/cmd/bench/main.go:63.20,64.37 1 1
github.com/poyrazK/cloudDNS/cmd/bench/main.go:65.10,66.83 1 1
github.com/poyrazK/cloudDNS/cmd/bench/main.go:70.103,84.35 8 1
github.com/poyrazK/cloudDNS/cmd/bench/main.go:84.35,85.25 1 1
github.com/poyrazK/cloudDNS/cmd/bench/main.go:85.25,88.4 2 1
github.com/poyrazK/cloudDNS/cmd/bench/main.go:91.2,95.59 4 1
github.com/poyrazK/cloudDNS/cmd/bench/main.go:98.120,100.20 2 1
github.com/poyrazK/cloudDNS/cmd/bench/main.go:100.20,103.3 2 0
github.com/poyrazK/cloudDNS/cmd/bench/main.go:104.2,104.15 1 1
github.com/poyrazK/cloudDNS/cmd/bench/main.go:104.15,105.48 1 1
github.com/poyrazK/cloudDNS/cmd/bench/main.go:105.48,107.4 1 0
github.com/poyrazK/cloudDNS/cmd/bench/main.go:110.2,114.29 4 1
github.com/poyrazK/cloudDNS/cmd/bench/main.go:114.29,123.48 7 1
github.com/poyrazK/cloudDNS/cmd/bench/main.go:123.48,125.12 2 0
github.com/poyrazK/cloudDNS/cmd/bench/main.go:127.3,132.22 4 1
github.com/poyrazK/cloudDNS/cmd/bench/main.go:132.22,134.12 2 0
github.com/poyrazK/cloudDNS/cmd/bench/main.go:136.3,138.95 2 1
github.com/poyrazK/cloudDNS/cmd/bench/main.go:138.95,140.4 1 0
github.com/poyrazK/cloudDNS/cmd/bench/main.go:141.3,143.21 2 1
github.com/poyrazK/cloudDNS/cmd/bench/main.go:143.21,145.4 1 1
github.com/poyrazK/cloudDNS/cmd/bench/main.go:145.9,149.4 3 1
github.com/poyrazK/cloudDNS/cmd/bench/main.go:150.3,150.43 1 1
github.com/poyrazK/cloudDNS/cmd/bench/main.go:154.92,160.33 5 1
github.com/poyrazK/cloudDNS/cmd/bench/main.go:160.33,162.3 1 1
github.com/poyrazK/cloudDNS/cmd/bench/main.go:163.2,163.44 1 1
github.com/poyrazK/cloudDNS/cmd/bench/main.go:163.44,163.82 1 1
github.com/poyrazK/cloudDNS/cmd/bench/main.go:165.2,177.28 12 1
github.com/poyrazK/cloudDNS/cmd/bench/main.go:177.28,179.3 1 1
github.com/poyrazK/cloudDNS/cmd/bench/main.go:181.2,181.24 1 1
github.com/poyrazK/cloudDNS/cmd/bench/main.go:181.24,189.3 7 1
github.com/poyrazK/cloudDNS/cmd/bench/main.go:190.2,190.61 1 1
github.com/poyrazK/cloudDNS/cmd/bench/main.go:193.25,195.17 2 1
github.com/poyrazK/cloudDNS/cmd/bench/main.go:195.17,197.3 1 1
github.com/poyrazK/cloudDNS/cmd/bench/main.go:199.2,200.20 2 1
github.com/poyrazK/cloudDNS/cmd/bench/main.go:200.20,203.3 2 0
github.com/poyrazK/cloudDNS/cmd/bench/main.go:204.2,204.15 1 1
github.com/poyrazK/cloudDNS/cmd/bench/main.go:204.15,204.33 1 1
github.com/poyrazK/cloudDNS/cmd/bench/main.go:206.2,206.78 1 1
github.com/poyrazK/cloudDNS/cmd/bench/main.go:206.78,208.3 1 1
github.com/poyrazK/cloudDNS/cmd/bench/main.go:208.8,210.3 1 0
github.com/poyrazK/cloudDNS/cmd/bench/main.go:213.69,223.40 6 1
github.com/poyrazK/cloudDNS/cmd/bench/main.go:223.40,227.34 3 1
github.com/poyrazK/cloudDNS/cmd/bench/main.go:227.34,229.20 2 1
github.com/poyrazK/cloudDNS/cmd/bench/main.go:229.20,229.27 1 1
github.com/poyrazK/cloudDNS/cmd/bench/main.go:230.4,233.81 4 1
github.com/poyrazK/cloudDNS/cmd/bench/main.go:236.3,236.29 1 1
github.com/poyrazK/cloudDNS/cmd/bench/main.go:236.29,236.36 1 0
github.com/poyrazK/cloudDNS/cmd/bench/main.go:239.3,241.21 3 1
github.com/poyrazK/cloudDNS/cmd/bench/main.go:241.21,243.4 1 1
github.com/poyrazK/cloudDNS/cmd/bench/main.go:245.3,245.29 1 1
github.com/poyrazK/cloudDNS/cmd/bench/main.go:245.29,247.4 1 0
github.com/poyrazK/cloudDNS/cmd/bench/main.go:249.2,249.12 1 1
github.com/poyrazK/cloudDNS/cmd/bench/main.go:252.47,284.16 13 1
github.com/poyrazK/cloudDNS/cmd/bench/main.go:284.16,287.3 2 1
github.com/poyrazK/cloudDNS/cmd/bench/main.go:288.2,295.47 6 0
github.com/poyrazK/cloudDNS/cmd/bench/main.go:295.47,298.34 3 0
github.com/poyrazK/cloudDNS/cmd/bench/main.go:298.34,304.4 5 0
github.com/poyrazK/cloudDNS/cmd/bench/main.go:306.3,307.45 2 0
github.com/poyrazK/cloudDNS/cmd/bench/main.go:311.2,335.75 20 0
github.com/poyrazK/cloudDNS/cmd/bench/main.go:338.89,352.2 8 0
github.com/poyrazK/cloudDNS/cmd/bench/main.go:354.55,357.20 3 1
github.com/poyrazK/cloudDNS/cmd/bench/main.go:357.20,357.39 1 1
github.com/poyrazK/cloudDNS/cmd/bench/main.go:358.2,358.14 1 1
github.com/poyrazK/cloudDNS/internal/adapters/routing/gobgp.go:38.57,39.19 1 1
github.com/poyrazK/cloudDNS/internal/adapters/routing/gobgp.go:39.19,41.3 1 1
github.com/poyrazK/cloudDNS/internal/adapters/routing/gobgp.go:42.2,48.3 1 1
github.com/poyrazK/cloudDNS/internal/adapters/routing/gobgp.go:52.85,53.20 1 1
github.com/poyrazK/cloudDNS/internal/adapters/routing/gobgp.go:53.20,55.3 1 1
github.com/poyrazK/cloudDNS/internal/adapters/routing/gobgp.go:56.2,56.21 1 1
github.com/poyrazK/cloudDNS/internal/adapters/routing/gobgp.go:56.21,58.3 1 1
github.com/poyrazK/cloudDNS/internal/adapters/routing/gobgp.go:59.2,59.19 1 1
github.com/poyrazK/cloudDNS/internal/adapters/routing/gobgp.go:59.19,61.3 1 1
github.com/poyrazK/cloudDNS/internal/adapters/routing/gobgp.go:65.98,68.12 2 1
github.com/poyrazK/cloudDNS/internal/adapters/routing/gobgp.go:68.12,69.16 1 1
github.com/poyrazK/cloudDNS/internal/adapters/routing/gobgp.go:69.16,70.32 1 1
github.com/poyrazK/cloudDNS/internal/adapters/routing/gobgp.go:70.32,72.5 1 0
github.com/poyrazK/cloudDNS/internal/adapters/routing/gobgp.go:74.3,74.22 1 1
github.com/poyrazK/cloudDNS/internal/adapters/routing/gobgp.go:78.2,83.87 2 1
github.com/poyrazK/cloudDNS/internal/adapters/routing/gobgp.go:83.87,86.3 2 1
github.com/poyrazK/cloudDNS/internal/adapters/routing/gobgp.go:89.2,95.81 2 1
github.com/poyrazK/cloudDNS/internal/adapters/routing/gobgp.go:95.81,98.3 2 1
github.com/poyrazK/cloudDNS/internal/adapters/routing/gobgp.go:100.2,100.12 1 1
github.com/poyrazK/cloudDNS/internal/adapters/routing/gobgp.go:104.70,105.24 1 1
github.com/poyrazK/cloudDNS/internal/adapters/routing/gobgp.go:105.24,107.3 1 1
github.com/poyrazK/cloudDNS/internal/adapters/routing/gobgp.go:109.2,113.16 3 1
github.com/poyrazK/cloudDNS/internal/adapters/routing/gobgp.go:113.16,115.3 1 1
github.com/poyrazK/cloudDNS/internal/adapters/routing/gobgp.go:116.2,117.16 2 1
github.com/poyrazK/cloudDNS/internal/adapters/routing/gobgp.go:117.16,119.3 1 0
github.com/poyrazK/cloudDNS/internal/adapters/routing/gobgp.go:121.2,126.14 3 1
github.com/poyrazK/cloudDNS/internal/adapters/routing/gobgp.go:126.14,128.3 1 1
github.com/poyrazK/cloudDNS/internal/adapters/routing/gobgp.go:129.2,129.50 1 1
github.com/poyrazK/cloudDNS/internal/adapters/routing/gobgp.go:129.50,131.19 2 0
github.com/poyrazK/cloudDNS/internal/adapters/routing/gobgp.go:131.19,133.4 1 0
github.com/poyrazK/cloudDNS/internal/adapters/routing/gobgp.go:136.2,146.52 3 1
github.com/poyrazK/cloudDNS/internal/adapters/routing/gobgp.go:146.52,148.3 1 1
github.com/poyrazK/cloudDNS/internal/adapters/routing/gobgp.go:150.2,150.12 1 1
github.com/poyrazK/cloudDNS/internal/adapters/routing/gobgp.go:154.70,155.24 1 1
github.com/poyrazK/cloudDNS/internal/adapters/routing/gobgp.go:155.24,157.3 1 1
github.com/poyrazK/cloudDNS/internal/adapters/routing/gobgp.go:159.2,162.16 3 1
github.com/poyrazK/cloudDNS/internal/adapters/routing/gobgp.go:162.16,164.3 1 1
github.com/poyrazK/cloudDNS/internal/adapters/routing/gobgp.go:165.2,166.16 2 1
github.com/poyrazK/cloudDNS/internal/adapters/routing/gobgp.go:166.16,168.3 1 0
github.com/poyrazK/cloudDNS/internal/adapters/routing/gobgp.go:170.2,179.52 2 1
github.com/poyrazK/cloudDNS/internal/adapters/routing/gobgp.go:179.52,181.3 1 1
github.com/poyrazK/cloudDNS/internal/adapters/routing/gobgp.go:183.2,183.12 1 1
github.com/poyrazK/cloudDNS/internal/adapters/routing/gobgp.go:187.37,188.24 1 1
github.com/poyrazK/cloudDNS/internal/adapters/routing/gobgp.go:188.24,190.3 1 1
github.com/poyrazK/cloudDNS/internal/adapters/routing/gobgp.go:191.2,191.12 1 1
github.com/poyrazK/cloudDNS/internal/adapters/routing/system_vip.go:22.93,24.2 1 0
github.com/poyrazK/cloudDNS/internal/adapters/routing/system_vip.go:35.65,36.19 1 1
github.com/poyrazK/cloudDNS/internal/adapters/routing/system_vip.go:36.19,38.3 1 1
github.com/poyrazK/cloudDNS/internal/adapters/routing/system_vip.go:39.2,43.3 1 1
github.com/poyrazK/cloudDNS/internal/adapters/routing/system_vip.go:47.79,48.29 1 1
github.com/poyrazK/cloudDNS/internal/adapters/routing/system_vip.go:48.29,50.3 1 1
github.com/poyrazK/cloudDNS/internal/adapters/routing/system_vip.go:51.2,51.17 1 1
github.com/poyrazK/cloudDNS/internal/adapters/routing/system_vip.go:51.17,53.3 1 1
github.com/poyrazK/cloudDNS/internal/adapters/routing/system_vip.go:55.2,57.14 3 1
github.com/poyrazK/cloudDNS/internal/adapters/routing/system_vip.go:58.15,60.60 2 1
github.com/poyrazK/cloudDNS/internal/adapters/routing/system_vip.go:61.16,63.58 2 1
github.com/poyrazK/cloudDNS/internal/adapters/routing/system_vip.go:64.10,65.67 1 1
github.com/poyrazK/cloudDNS/internal/adapters/routing/system_vip.go:68.2,69.16 2 1
github.com/poyrazK/cloudDNS/internal/adapters/routing/system_vip.go:69.16,72.91 2 1
github.com/poyrazK/cloudDNS/internal/adapters/routing/system_vip.go:72.91,75.4 2 1
github.com/poyrazK/cloudDNS/internal/adapters/routing/system_vip.go:76.3,77.72 2 1
github.com/poyrazK/cloudDNS/internal/adapters/routing/system_vip.go:80.2,81.12 2 1
github.com/poyrazK/cloudDNS/internal/adapters/routing/system_vip.go:85.81,86.29 1 1
github.com/poyrazK/cloudDNS/internal/adapters/routing/system_vip.go:86.29,88.3 1 1
github.com/poyrazK/cloudDNS/internal/adapters/routing/system_vip.go:89.2,89.17 1 1
github.com/poyrazK/cloudDNS/internal/adapters/routing/system_vip.go:89.17,91.3 1 1
github.com/poyrazK/cloudDNS/internal/adapters/routing/system_vip.go:93.2,95.14 3 1
github.com/poyrazK/cloudDNS/internal/adapters/routing/system_vip.go:96.15,98.60 2 1
github.com/poyrazK/cloudDNS/internal/adapters/routing/system_vip.go:99.16,101.40 2 1
github.com/poyrazK/cloudDNS/internal/adapters/routing/system_vip.go:102.10,103.33 1 1
github.com/poyrazK/cloudDNS/internal/adapters/routing/system_vip.go:106.2,107.16 2 1
github.com/poyrazK/cloudDNS/internal/adapters/routing/system_vip.go:107.16,111.3 3 1
github.com/poyrazK/cloudDNS/internal/adapters/routing/system_vip.go:113.2,114.12 2 1
github.com/poyrazK/cloudDNS/internal/adapters/routing/system_vip.go:117.56,119.2 1 1
